{"/Users/vivek/personal/code/sql-storm/frontend/src/App.jsx": {"path":"/Users/vivek/personal/code/sql-storm/frontend/src/App.jsx","statementMap":{"0":{"start":{"line":9,"column":17},"end":{"line":9,"column":44}},"1":{"start":{"line":10,"column":15},"end":{"line":10,"column":40}},"2":{"start":{"line":11,"column":22},"end":{"line":11,"column":56}},"3":{"start":{"line":13,"column":8},"end":{"line":16,"column":null}},"4":{"start":{"line":14,"column":4},"end":{"line":16,"column":null}},"5":{"start":{"line":15,"column":19},"end":{"line":15,"column":31}},"6":{"start":{"line":15,"column":31},"end":{"line":15,"column":49}},"7":{"start":{"line":16,"column":19},"end":{"line":16,"column":35}},"8":{"start":{"line":19,"column":2},"end":{"line":25,"column":null}},"9":{"start":{"line":20,"column":4},"end":{"line":20,"column":null}},"10":{"start":{"line":22,"column":10},"end":{"line":22,"column":null}},"11":{"start":{"line":22,"column":28},"end":{"line":22,"column":46}},"12":{"start":{"line":22,"column":46},"end":{"line":22,"column":null}},"13":{"start":{"line":23,"column":4},"end":{"line":23,"column":null}},"14":{"start":{"line":24,"column":4},"end":{"line":24,"column":null}},"15":{"start":{"line":24,"column":17},"end":{"line":24,"column":76}},"16":{"start":{"line":27,"column":8},"end":{"line":31,"column":null}},"17":{"start":{"line":29,"column":4},"end":{"line":31,"column":null}},"18":{"start":{"line":30,"column":19},"end":{"line":30,"column":31}},"19":{"start":{"line":30,"column":31},"end":{"line":30,"column":49}},"20":{"start":{"line":31,"column":19},"end":{"line":31,"column":35}},"21":{"start":{"line":34,"column":8},"end":{"line":37,"column":null}},"22":{"start":{"line":35,"column":4},"end":{"line":35,"column":null}},"23":{"start":{"line":36,"column":4},"end":{"line":36,"column":null}},"24":{"start":{"line":37,"column":4},"end":{"line":37,"column":null}},"25":{"start":{"line":40,"column":2},"end":{"line":44,"column":null}},"26":{"start":{"line":41,"column":4},"end":{"line":44,"column":null}},"27":{"start":{"line":48,"column":2},"end":{"line":49,"column":null}},"28":{"start":{"line":49,"column":4},"end":{"line":49,"column":null}},"29":{"start":{"line":52,"column":2},"end":{"line":53,"column":null}},"30":{"start":{"line":53,"column":4},"end":{"line":53,"column":null}},"31":{"start":{"line":56,"column":2},"end":{"line":57,"column":null}},"32":{"start":{"line":57,"column":4},"end":{"line":57,"column":null}},"33":{"start":{"line":60,"column":2},"end":{"line":65,"column":null}}},"fnMap":{"0":{"name":"App","decl":{"start":{"line":8,"column":24},"end":{"line":8,"column":30}},"loc":{"start":{"line":8,"column":30},"end":{"line":65,"column":null}},"line":8},"1":{"name":"(anonymous_1)","decl":{"start":{"line":13,"column":8},"end":{"line":13,"column":26}},"loc":{"start":{"line":13,"column":26},"end":{"line":16,"column":null}},"line":13},"2":{"name":"(anonymous_2)","decl":{"start":{"line":15,"column":7},"end":{"line":15,"column":12}},"loc":{"start":{"line":15,"column":17},"end":{"line":15,"column":null}},"line":15},"3":{"name":"(anonymous_3)","decl":{"start":{"line":16,"column":7},"end":{"line":16,"column":19}},"loc":{"start":{"line":16,"column":19},"end":{"line":16,"column":35}},"line":16},"4":{"name":"(anonymous_4)","decl":{"start":{"line":19,"column":2},"end":{"line":19,"column":18}},"loc":{"start":{"line":19,"column":18},"end":{"line":25,"column":7}},"line":19},"5":{"name":"(anonymous_5)","decl":{"start":{"line":22,"column":10},"end":{"line":22,"column":26}},"loc":{"start":{"line":22,"column":26},"end":{"line":22,"column":null}},"line":22},"6":{"name":"(anonymous_6)","decl":{"start":{"line":24,"column":4},"end":{"line":24,"column":17}},"loc":{"start":{"line":24,"column":17},"end":{"line":24,"column":76}},"line":24},"7":{"name":"(anonymous_7)","decl":{"start":{"line":27,"column":8},"end":{"line":27,"column":28}},"loc":{"start":{"line":27,"column":28},"end":{"line":31,"column":null}},"line":27},"8":{"name":"(anonymous_8)","decl":{"start":{"line":30,"column":7},"end":{"line":30,"column":12}},"loc":{"start":{"line":30,"column":17},"end":{"line":30,"column":null}},"line":30},"9":{"name":"(anonymous_9)","decl":{"start":{"line":31,"column":7},"end":{"line":31,"column":19}},"loc":{"start":{"line":31,"column":19},"end":{"line":31,"column":35}},"line":31},"10":{"name":"(anonymous_10)","decl":{"start":{"line":34,"column":8},"end":{"line":34,"column":29}},"loc":{"start":{"line":34,"column":29},"end":{"line":37,"column":null}},"line":34}},"branchMap":{"0":{"loc":{"start":{"line":40,"column":2},"end":{"line":44,"column":null}},"type":"if","locations":[{"start":{"line":40,"column":2},"end":{"line":44,"column":null}},{"start":{},"end":{}}],"line":40},"1":{"loc":{"start":{"line":48,"column":2},"end":{"line":49,"column":null}},"type":"if","locations":[{"start":{"line":48,"column":2},"end":{"line":49,"column":null}},{"start":{},"end":{}}],"line":48},"2":{"loc":{"start":{"line":52,"column":2},"end":{"line":53,"column":null}},"type":"if","locations":[{"start":{"line":52,"column":2},"end":{"line":53,"column":null}},{"start":{},"end":{}}],"line":52},"3":{"loc":{"start":{"line":56,"column":2},"end":{"line":57,"column":null}},"type":"if","locations":[{"start":{"line":56,"column":2},"end":{"line":57,"column":null}},{"start":{},"end":{}}],"line":56}},"s":{"0":9,"1":9,"2":9,"3":9,"4":4,"5":2,"6":2,"7":1,"8":9,"9":4,"10":4,"11":1,"12":1,"13":4,"14":4,"15":4,"16":9,"17":0,"18":0,"19":0,"20":0,"21":9,"22":0,"23":0,"24":0,"25":9,"26":4,"27":4,"28":2,"29":2,"30":0,"31":2,"32":0,"33":2},"f":{"0":9,"1":4,"2":2,"3":1,"4":4,"5":1,"6":4,"7":0,"8":0,"9":0,"10":0},"b":{"0":[4,5],"1":[2,2],"2":[0,2],"3":[0,2]},"meta":{"lastBranch":4,"lastFunction":11,"lastStatement":34,"seen":{"f:8:24:8:30":0,"s:9:17:9:44":0,"s:10:15:10:40":1,"s:11:22:11:56":2,"s:13:8:16:Infinity":3,"f:13:8:13:26":1,"s:14:4:16:Infinity":4,"f:15:7:15:12":2,"s:15:19:15:31":5,"s:15:31:15:49":6,"f:16:7:16:19":3,"s:16:19:16:35":7,"s:19:2:25:Infinity":8,"f:19:2:19:18":4,"s:20:4:20:Infinity":9,"s:22:10:22:Infinity":10,"f:22:10:22:26":5,"s:22:28:22:46":11,"s:22:46:22:Infinity":12,"s:23:4:23:Infinity":13,"s:24:4:24:Infinity":14,"f:24:4:24:17":6,"s:24:17:24:76":15,"s:27:8:31:Infinity":16,"f:27:8:27:28":7,"s:29:4:31:Infinity":17,"f:30:7:30:12":8,"s:30:19:30:31":18,"s:30:31:30:49":19,"f:31:7:31:19":9,"s:31:19:31:35":20,"s:34:8:37:Infinity":21,"f:34:8:34:29":10,"s:35:4:35:Infinity":22,"s:36:4:36:Infinity":23,"s:37:4:37:Infinity":24,"b:40:2:44:Infinity:undefined:undefined:undefined:undefined":0,"s:40:2:44:Infinity":25,"s:41:4:44:Infinity":26,"b:48:2:49:Infinity:undefined:undefined:undefined:undefined":1,"s:48:2:49:Infinity":27,"s:49:4:49:Infinity":28,"b:52:2:53:Infinity:undefined:undefined:undefined:undefined":2,"s:52:2:53:Infinity":29,"s:53:4:53:Infinity":30,"b:56:2:57:Infinity:undefined:undefined:undefined:undefined":3,"s:56:2:57:Infinity":31,"s:57:4:57:Infinity":32,"s:60:2:65:Infinity":33}}}
,"/Users/vivek/personal/code/sql-storm/frontend/src/components/ConverterPanel.jsx": {"path":"/Users/vivek/personal/code/sql-storm/frontend/src/components/ConverterPanel.jsx","statementMap":{"0":{"start":{"line":4,"column":16},"end":{"line":4,"column":36}},"1":{"start":{"line":5,"column":2},"end":{"line":5,"column":null}},"2":{"start":{"line":5,"column":26},"end":{"line":5,"column":null}},"3":{"start":{"line":6,"column":15},"end":{"line":6,"column":32}},"4":{"start":{"line":7,"column":2},"end":{"line":7,"column":null}},"5":{"start":{"line":7,"column":21},"end":{"line":7,"column":50}},"6":{"start":{"line":7,"column":52},"end":{"line":7,"column":null}},"7":{"start":{"line":8,"column":2},"end":{"line":8,"column":null}},"8":{"start":{"line":12,"column":12},"end":{"line":12,"column":24}},"9":{"start":{"line":13,"column":2},"end":{"line":13,"column":null}},"10":{"start":{"line":13,"column":43},"end":{"line":13,"column":null}},"11":{"start":{"line":14,"column":2},"end":{"line":19,"column":null}},"12":{"start":{"line":23,"column":13},"end":{"line":23,"column":36}},"13":{"start":{"line":24,"column":2},"end":{"line":24,"column":null}},"14":{"start":{"line":28,"column":13},"end":{"line":28,"column":24}},"15":{"start":{"line":29,"column":2},"end":{"line":29,"column":null}},"16":{"start":{"line":29,"column":17},"end":{"line":29,"column":null}},"17":{"start":{"line":30,"column":2},"end":{"line":30,"column":null}},"18":{"start":{"line":34,"column":13},"end":{"line":34,"column":34}},"19":{"start":{"line":35,"column":17},"end":{"line":35,"column":42}},"20":{"start":{"line":36,"column":18},"end":{"line":36,"column":44}},"21":{"start":{"line":37,"column":16},"end":{"line":37,"column":40}},"22":{"start":{"line":38,"column":16},"end":{"line":38,"column":48}},"23":{"start":{"line":39,"column":8},"end":{"line":39,"column":33}},"24":{"start":{"line":41,"column":2},"end":{"line":46,"column":null}},"25":{"start":{"line":42,"column":15},"end":{"line":44,"column":12}},"26":{"start":{"line":43,"column":6},"end":{"line":43,"column":null}},"27":{"start":{"line":43,"column":30},"end":{"line":43,"column":null}},"28":{"start":{"line":45,"column":4},"end":{"line":45,"column":null}},"29":{"start":{"line":45,"column":17},"end":{"line":45,"column":34}},"30":{"start":{"line":48,"column":2},"end":{"line":114,"column":null}},"31":{"start":{"line":66,"column":27},"end":{"line":66,"column":48}},"32":{"start":{"line":67,"column":28},"end":{"line":67,"column":null}},"33":{"start":{"line":67,"column":36},"end":{"line":67,"column":null}},"34":{"start":{"line":74,"column":27},"end":{"line":74,"column":52}},"35":{"start":{"line":75,"column":28},"end":{"line":75,"column":null}},"36":{"start":{"line":75,"column":40},"end":{"line":75,"column":null}},"37":{"start":{"line":88,"column":27},"end":{"line":88,"column":53}},"38":{"start":{"line":89,"column":28},"end":{"line":89,"column":null}},"39":{"start":{"line":89,"column":41},"end":{"line":89,"column":null}},"40":{"start":{"line":96,"column":27},"end":{"line":96,"column":51}},"41":{"start":{"line":97,"column":28},"end":{"line":97,"column":null}},"42":{"start":{"line":97,"column":39},"end":{"line":97,"column":null}},"43":{"start":{"line":108,"column":32},"end":{"line":108,"column":null}},"44":{"start":{"line":109,"column":32},"end":{"line":109,"column":null}},"45":{"start":{"line":120,"column":19},"end":{"line":129,"column":null}}},"fnMap":{"0":{"name":"ipToLong","decl":{"start":{"line":3,"column":9},"end":{"line":3,"column":18}},"loc":{"start":{"line":3,"column":22},"end":{"line":8,"column":null}},"line":3},"1":{"name":"(anonymous_1)","decl":{"start":{"line":7,"column":11},"end":{"line":7,"column":16}},"loc":{"start":{"line":7,"column":21},"end":{"line":7,"column":50}},"line":7},"2":{"name":"longToIp","decl":{"start":{"line":11,"column":9},"end":{"line":11,"column":18}},"loc":{"start":{"line":11,"column":24},"end":{"line":19,"column":null}},"line":11},"3":{"name":"dateToEpoch","decl":{"start":{"line":22,"column":9},"end":{"line":22,"column":21}},"loc":{"start":{"line":22,"column":26},"end":{"line":24,"column":null}},"line":22},"4":{"name":"epochToDate","decl":{"start":{"line":27,"column":9},"end":{"line":27,"column":21}},"loc":{"start":{"line":27,"column":26},"end":{"line":30,"column":null}},"line":27},"5":{"name":"ConverterPanel","decl":{"start":{"line":33,"column":24},"end":{"line":33,"column":41}},"loc":{"start":{"line":33,"column":41},"end":{"line":114,"column":null}},"line":33},"6":{"name":"(anonymous_6)","decl":{"start":{"line":41,"column":2},"end":{"line":41,"column":18}},"loc":{"start":{"line":41,"column":18},"end":{"line":46,"column":7}},"line":41},"7":{"name":"(anonymous_7)","decl":{"start":{"line":42,"column":15},"end":{"line":42,"column":33}},"loc":{"start":{"line":42,"column":33},"end":{"line":44,"column":12}},"line":42},"8":{"name":"(anonymous_8)","decl":{"start":{"line":45,"column":4},"end":{"line":45,"column":17}},"loc":{"start":{"line":45,"column":17},"end":{"line":45,"column":34}},"line":45},"9":{"name":"(anonymous_9)","decl":{"start":{"line":66,"column":12},"end":{"line":66,"column":22}},"loc":{"start":{"line":66,"column":27},"end":{"line":66,"column":48}},"line":66},"10":{"name":"(anonymous_10)","decl":{"start":{"line":67,"column":12},"end":{"line":67,"column":26}},"loc":{"start":{"line":67,"column":26},"end":{"line":67,"column":null}},"line":67},"11":{"name":"(anonymous_11)","decl":{"start":{"line":74,"column":12},"end":{"line":74,"column":22}},"loc":{"start":{"line":74,"column":27},"end":{"line":74,"column":52}},"line":74},"12":{"name":"(anonymous_12)","decl":{"start":{"line":75,"column":12},"end":{"line":75,"column":26}},"loc":{"start":{"line":75,"column":26},"end":{"line":75,"column":null}},"line":75},"13":{"name":"(anonymous_13)","decl":{"start":{"line":88,"column":12},"end":{"line":88,"column":22}},"loc":{"start":{"line":88,"column":27},"end":{"line":88,"column":53}},"line":88},"14":{"name":"(anonymous_14)","decl":{"start":{"line":89,"column":12},"end":{"line":89,"column":26}},"loc":{"start":{"line":89,"column":26},"end":{"line":89,"column":null}},"line":89},"15":{"name":"(anonymous_15)","decl":{"start":{"line":96,"column":12},"end":{"line":96,"column":22}},"loc":{"start":{"line":96,"column":27},"end":{"line":96,"column":51}},"line":96},"16":{"name":"(anonymous_16)","decl":{"start":{"line":97,"column":12},"end":{"line":97,"column":26}},"loc":{"start":{"line":97,"column":26},"end":{"line":97,"column":null}},"line":97},"17":{"name":"(anonymous_17)","decl":{"start":{"line":108,"column":10},"end":{"line":108,"column":30}},"loc":{"start":{"line":108,"column":30},"end":{"line":108,"column":null}},"line":108},"18":{"name":"(anonymous_18)","decl":{"start":{"line":109,"column":10},"end":{"line":109,"column":30}},"loc":{"start":{"line":109,"column":30},"end":{"line":109,"column":null}},"line":109}},"branchMap":{"0":{"loc":{"start":{"line":5,"column":2},"end":{"line":5,"column":null}},"type":"if","locations":[{"start":{"line":5,"column":2},"end":{"line":5,"column":null}},{"start":{},"end":{}}],"line":5},"1":{"loc":{"start":{"line":7,"column":2},"end":{"line":7,"column":null}},"type":"if","locations":[{"start":{"line":7,"column":2},"end":{"line":7,"column":null}},{"start":{},"end":{}}],"line":7},"2":{"loc":{"start":{"line":7,"column":21},"end":{"line":7,"column":50}},"type":"binary-expr","locations":[{"start":{"line":7,"column":21},"end":{"line":7,"column":29}},{"start":{"line":7,"column":33},"end":{"line":7,"column":42}},{"start":{"line":7,"column":42},"end":{"line":7,"column":50}}],"line":7},"3":{"loc":{"start":{"line":13,"column":2},"end":{"line":13,"column":null}},"type":"if","locations":[{"start":{"line":13,"column":2},"end":{"line":13,"column":null}},{"start":{},"end":{}}],"line":13},"4":{"loc":{"start":{"line":13,"column":6},"end":{"line":13,"column":43}},"type":"binary-expr","locations":[{"start":{"line":13,"column":6},"end":{"line":13,"column":14}},{"start":{"line":13,"column":18},"end":{"line":13,"column":27}},{"start":{"line":13,"column":27},"end":{"line":13,"column":43}}],"line":13},"5":{"loc":{"start":{"line":24,"column":9},"end":{"line":24,"column":36}},"type":"cond-expr","locations":[{"start":{"line":24,"column":21},"end":{"line":24,"column":26}},{"start":{"line":24,"column":26},"end":{"line":24,"column":36}}],"line":24},"6":{"loc":{"start":{"line":29,"column":2},"end":{"line":29,"column":null}},"type":"if","locations":[{"start":{"line":29,"column":2},"end":{"line":29,"column":null}},{"start":{},"end":{}}],"line":29},"7":{"loc":{"start":{"line":43,"column":6},"end":{"line":43,"column":null}},"type":"if","locations":[{"start":{"line":43,"column":6},"end":{"line":43,"column":null}},{"start":{},"end":{}}],"line":43},"8":{"loc":{"start":{"line":67,"column":28},"end":{"line":67,"column":null}},"type":"if","locations":[{"start":{"line":67,"column":28},"end":{"line":67,"column":null}},{"start":{},"end":{}}],"line":67},"9":{"loc":{"start":{"line":75,"column":28},"end":{"line":75,"column":null}},"type":"if","locations":[{"start":{"line":75,"column":28},"end":{"line":75,"column":null}},{"start":{},"end":{}}],"line":75},"10":{"loc":{"start":{"line":89,"column":28},"end":{"line":89,"column":null}},"type":"if","locations":[{"start":{"line":89,"column":28},"end":{"line":89,"column":null}},{"start":{},"end":{}}],"line":89},"11":{"loc":{"start":{"line":97,"column":28},"end":{"line":97,"column":null}},"type":"if","locations":[{"start":{"line":97,"column":28},"end":{"line":97,"column":null}},{"start":{},"end":{}}],"line":97}},"s":{"0":0,"1":0,"2":0,"3":0,"4":0,"5":0,"6":0,"7":0,"8":0,"9":0,"10":0,"11":0,"12":0,"13":0,"14":0,"15":0,"16":0,"17":0,"18":0,"19":0,"20":0,"21":0,"22":0,"23":0,"24":0,"25":0,"26":0,"27":0,"28":0,"29":0,"30":0,"31":0,"32":0,"33":0,"34":0,"35":0,"36":0,"37":0,"38":0,"39":0,"40":0,"41":0,"42":0,"43":0,"44":0,"45":1},"f":{"0":0,"1":0,"2":0,"3":0,"4":0,"5":0,"6":0,"7":0,"8":0,"9":0,"10":0,"11":0,"12":0,"13":0,"14":0,"15":0,"16":0,"17":0,"18":0},"b":{"0":[0,0],"1":[0,0],"2":[0,0,0],"3":[0,0],"4":[0,0,0],"5":[0,0],"6":[0,0],"7":[0,0],"8":[0,0],"9":[0,0],"10":[0,0],"11":[0,0]},"meta":{"lastBranch":12,"lastFunction":19,"lastStatement":46,"seen":{"f:3:9:3:18":0,"s:4:16:4:36":0,"b:5:2:5:Infinity:undefined:undefined:undefined:undefined":0,"s:5:2:5:Infinity":1,"s:5:26:5:Infinity":2,"s:6:15:6:32":3,"b:7:2:7:Infinity:undefined:undefined:undefined:undefined":1,"s:7:2:7:Infinity":4,"f:7:11:7:16":1,"s:7:21:7:50":5,"b:7:21:7:29:7:33:7:42:7:42:7:50":2,"s:7:52:7:Infinity":6,"s:8:2:8:Infinity":7,"f:11:9:11:18":2,"s:12:12:12:24":8,"b:13:2:13:Infinity:undefined:undefined:undefined:undefined":3,"s:13:2:13:Infinity":9,"b:13:6:13:14:13:18:13:27:13:27:13:43":4,"s:13:43:13:Infinity":10,"s:14:2:19:Infinity":11,"f:22:9:22:21":3,"s:23:13:23:36":12,"s:24:2:24:Infinity":13,"b:24:21:24:26:24:26:24:36":5,"f:27:9:27:21":4,"s:28:13:28:24":14,"b:29:2:29:Infinity:undefined:undefined:undefined:undefined":6,"s:29:2:29:Infinity":15,"s:29:17:29:Infinity":16,"s:30:2:30:Infinity":17,"f:33:24:33:41":5,"s:34:13:34:34":18,"s:35:17:35:42":19,"s:36:18:36:44":20,"s:37:16:37:40":21,"s:38:16:38:48":22,"s:39:8:39:33":23,"s:41:2:46:Infinity":24,"f:41:2:41:18":6,"s:42:15:44:12":25,"f:42:15:42:33":7,"b:43:6:43:Infinity:undefined:undefined:undefined:undefined":7,"s:43:6:43:Infinity":26,"s:43:30:43:Infinity":27,"s:45:4:45:Infinity":28,"f:45:4:45:17":8,"s:45:17:45:34":29,"s:48:2:114:Infinity":30,"f:66:12:66:22":9,"s:66:27:66:48":31,"f:67:12:67:26":10,"b:67:28:67:Infinity:undefined:undefined:undefined:undefined":8,"s:67:28:67:Infinity":32,"s:67:36:67:Infinity":33,"f:74:12:74:22":11,"s:74:27:74:52":34,"f:75:12:75:26":12,"b:75:28:75:Infinity:undefined:undefined:undefined:undefined":9,"s:75:28:75:Infinity":35,"s:75:40:75:Infinity":36,"f:88:12:88:22":13,"s:88:27:88:53":37,"f:89:12:89:26":14,"b:89:28:89:Infinity:undefined:undefined:undefined:undefined":10,"s:89:28:89:Infinity":38,"s:89:41:89:Infinity":39,"f:96:12:96:22":15,"s:96:27:96:51":40,"f:97:12:97:26":16,"b:97:28:97:Infinity:undefined:undefined:undefined:undefined":11,"s:97:28:97:Infinity":41,"s:97:39:97:Infinity":42,"f:108:10:108:30":17,"s:108:32:108:Infinity":43,"f:109:10:109:30":18,"s:109:32:109:Infinity":44,"s:120:19:129:Infinity":45}}}
,"/Users/vivek/personal/code/sql-storm/frontend/src/components/NavPanel.jsx": {"path":"/Users/vivek/personal/code/sql-storm/frontend/src/components/NavPanel.jsx","statementMap":{"0":{"start":{"line":4,"column":20},"end":{"line":9,"column":null}},"1":{"start":{"line":12,"column":17},"end":{"line":12,"column":42}},"2":{"start":{"line":13,"column":20},"end":{"line":13,"column":48}},"3":{"start":{"line":14,"column":17},"end":{"line":14,"column":42}},"4":{"start":{"line":15,"column":24},"end":{"line":15,"column":56}},"5":{"start":{"line":16,"column":21},"end":{"line":16,"column":50}},"6":{"start":{"line":17,"column":22},"end":{"line":17,"column":52}},"7":{"start":{"line":19,"column":2},"end":{"line":23,"column":null}},"8":{"start":{"line":20,"column":4},"end":{"line":22,"column":null}},"9":{"start":{"line":21,"column":20},"end":{"line":21,"column":76}},"10":{"start":{"line":25,"column":28},"end":{"line":35,"column":null}},"11":{"start":{"line":26,"column":4},"end":{"line":26,"column":null}},"12":{"start":{"line":27,"column":4},"end":{"line":27,"column":null}},"13":{"start":{"line":28,"column":4},"end":{"line":28,"column":null}},"14":{"start":{"line":29,"column":4},"end":{"line":29,"column":null}},"15":{"start":{"line":30,"column":4},"end":{"line":30,"column":null}},"16":{"start":{"line":31,"column":4},"end":{"line":31,"column":null}},"17":{"start":{"line":31,"column":16},"end":{"line":31,"column":null}},"18":{"start":{"line":32,"column":4},"end":{"line":35,"column":null}},"19":{"start":{"line":33,"column":19},"end":{"line":33,"column":44}},"20":{"start":{"line":34,"column":6},"end":{"line":34,"column":null}},"21":{"start":{"line":35,"column":20},"end":{"line":35,"column":null}},"22":{"start":{"line":38,"column":25},"end":{"line":46,"column":null}},"23":{"start":{"line":39,"column":4},"end":{"line":39,"column":null}},"24":{"start":{"line":40,"column":4},"end":{"line":40,"column":null}},"25":{"start":{"line":41,"column":4},"end":{"line":41,"column":null}},"26":{"start":{"line":42,"column":4},"end":{"line":42,"column":null}},"27":{"start":{"line":42,"column":31},"end":{"line":42,"column":null}},"28":{"start":{"line":43,"column":4},"end":{"line":46,"column":null}},"29":{"start":{"line":44,"column":19},"end":{"line":44,"column":53}},"30":{"start":{"line":45,"column":6},"end":{"line":45,"column":null}},"31":{"start":{"line":46,"column":20},"end":{"line":46,"column":null}},"32":{"start":{"line":49,"column":8},"end":{"line":51,"column":null}},"33":{"start":{"line":50,"column":4},"end":{"line":50,"column":null}},"34":{"start":{"line":51,"column":4},"end":{"line":51,"column":null}},"35":{"start":{"line":54,"column":2},"end":{"line":118,"column":null}},"36":{"start":{"line":74,"column":97},"end":{"line":74,"column":130}},"37":{"start":{"line":76,"column":29},"end":{"line":76,"column":68}},"38":{"start":{"line":85,"column":134},"end":{"line":85,"column":164}},"39":{"start":{"line":87,"column":32},"end":{"line":87,"column":71}},"40":{"start":{"line":100,"column":16},"end":{"line":115,"column":null}},"41":{"start":{"line":102,"column":33},"end":{"line":102,"column":52}},"42":{"start":{"line":111,"column":39},"end":{"line":111,"column":null}},"43":{"start":{"line":111,"column":67},"end":{"line":111,"column":null}},"44":{"start":{"line":112,"column":39},"end":{"line":112,"column":null}},"45":{"start":{"line":112,"column":67},"end":{"line":112,"column":null}}},"fnMap":{"0":{"name":"NavPanel","decl":{"start":{"line":11,"column":24},"end":{"line":11,"column":33}},"loc":{"start":{"line":11,"column":52},"end":{"line":118,"column":null}},"line":11},"1":{"name":"(anonymous_1)","decl":{"start":{"line":19,"column":2},"end":{"line":19,"column":18}},"loc":{"start":{"line":19,"column":18},"end":{"line":23,"column":7}},"line":19},"2":{"name":"(anonymous_2)","decl":{"start":{"line":21,"column":7},"end":{"line":21,"column":12}},"loc":{"start":{"line":21,"column":20},"end":{"line":21,"column":76}},"line":21},"3":{"name":"(anonymous_3)","decl":{"start":{"line":25,"column":28},"end":{"line":25,"column":35}},"loc":{"start":{"line":25,"column":45},"end":{"line":35,"column":null}},"line":25},"4":{"name":"(anonymous_4)","decl":{"start":{"line":38,"column":25},"end":{"line":38,"column":32}},"loc":{"start":{"line":38,"column":39},"end":{"line":46,"column":null}},"line":38},"5":{"name":"(anonymous_5)","decl":{"start":{"line":49,"column":8},"end":{"line":49,"column":28}},"loc":{"start":{"line":49,"column":34},"end":{"line":51,"column":null}},"line":49},"6":{"name":"(anonymous_6)","decl":{"start":{"line":74,"column":82},"end":{"line":74,"column":92}},"loc":{"start":{"line":74,"column":97},"end":{"line":74,"column":130}},"line":74},"7":{"name":"(anonymous_7)","decl":{"start":{"line":76,"column":20},"end":{"line":76,"column":24}},"loc":{"start":{"line":76,"column":29},"end":{"line":76,"column":68}},"line":76},"8":{"name":"(anonymous_8)","decl":{"start":{"line":85,"column":119},"end":{"line":85,"column":129}},"loc":{"start":{"line":85,"column":134},"end":{"line":85,"column":164}},"line":85},"9":{"name":"(anonymous_9)","decl":{"start":{"line":87,"column":23},"end":{"line":87,"column":27}},"loc":{"start":{"line":87,"column":32},"end":{"line":87,"column":71}},"line":87},"10":{"name":"(anonymous_10)","decl":{"start":{"line":99,"column":23},"end":{"line":99,"column":27}},"loc":{"start":{"line":100,"column":16},"end":{"line":115,"column":null}},"line":100},"11":{"name":"(anonymous_11)","decl":{"start":{"line":102,"column":18},"end":{"line":102,"column":33}},"loc":{"start":{"line":102,"column":33},"end":{"line":102,"column":52}},"line":102},"12":{"name":"(anonymous_12)","decl":{"start":{"line":111,"column":18},"end":{"line":111,"column":32}},"loc":{"start":{"line":111,"column":37},"end":{"line":111,"column":null}},"line":111},"13":{"name":"(anonymous_13)","decl":{"start":{"line":112,"column":18},"end":{"line":112,"column":32}},"loc":{"start":{"line":112,"column":37},"end":{"line":112,"column":null}},"line":112}},"branchMap":{"0":{"loc":{"start":{"line":21,"column":30},"end":{"line":21,"column":75}},"type":"cond-expr","locations":[{"start":{"line":21,"column":52},"end":{"line":21,"column":59}},{"start":{"line":21,"column":59},"end":{"line":21,"column":75}}],"line":21},"1":{"loc":{"start":{"line":31,"column":4},"end":{"line":31,"column":null}},"type":"if","locations":[{"start":{"line":31,"column":4},"end":{"line":31,"column":null}},{"start":{},"end":{}}],"line":31},"2":{"loc":{"start":{"line":34,"column":19},"end":{"line":34,"column":64}},"type":"cond-expr","locations":[{"start":{"line":34,"column":41},"end":{"line":34,"column":48}},{"start":{"line":34,"column":48},"end":{"line":34,"column":64}}],"line":34},"3":{"loc":{"start":{"line":42,"column":4},"end":{"line":42,"column":null}},"type":"if","locations":[{"start":{"line":42,"column":4},"end":{"line":42,"column":null}},{"start":{},"end":{}}],"line":42},"4":{"loc":{"start":{"line":42,"column":8},"end":{"line":42,"column":31}},"type":"binary-expr","locations":[{"start":{"line":42,"column":8},"end":{"line":42,"column":15}},{"start":{"line":42,"column":15},"end":{"line":42,"column":31}}],"line":42},"5":{"loc":{"start":{"line":45,"column":16},"end":{"line":45,"column":47}},"type":"cond-expr","locations":[{"start":{"line":45,"column":38},"end":{"line":45,"column":45}},{"start":{"line":45,"column":45},"end":{"line":45,"column":47}}],"line":45},"6":{"loc":{"start":{"line":85,"column":71},"end":{"line":85,"column":98}},"type":"cond-expr","locations":[{"start":{"line":85,"column":88},"end":{"line":85,"column":95}},{"start":{"line":85,"column":95},"end":{"line":85,"column":98}}],"line":85},"7":{"loc":{"start":{"line":92,"column":9},"end":{"line":118,"column":null}},"type":"binary-expr","locations":[{"start":{"line":92,"column":9},"end":{"line":92,"column":null}},{"start":{"line":93,"column":10},"end":{"line":118,"column":null}}],"line":92},"8":{"loc":{"start":{"line":97,"column":13},"end":{"line":115,"column":null}},"type":"cond-expr","locations":[{"start":{"line":98,"column":16},"end":{"line":99,"column":23}},{"start":{"line":99,"column":16},"end":{"line":115,"column":null}}],"line":97},"9":{"loc":{"start":{"line":103,"column":25},"end":{"line":103,"column":null}},"type":"binary-expr","locations":[{"start":{"line":103,"column":25},"end":{"line":103,"column":37}},{"start":{"line":103,"column":37},"end":{"line":103,"column":null}}],"line":103},"10":{"loc":{"start":{"line":107,"column":32},"end":{"line":107,"column":null}},"type":"cond-expr","locations":[{"start":{"line":107,"column":57},"end":{"line":107,"column":89}},{"start":{"line":107,"column":89},"end":{"line":107,"column":null}}],"line":107},"11":{"loc":{"start":{"line":108,"column":27},"end":{"line":108,"column":null}},"type":"cond-expr","locations":[{"start":{"line":108,"column":52},"end":{"line":108,"column":61}},{"start":{"line":108,"column":61},"end":{"line":108,"column":null}}],"line":108},"12":{"loc":{"start":{"line":111,"column":39},"end":{"line":111,"column":null}},"type":"if","locations":[{"start":{"line":111,"column":39},"end":{"line":111,"column":null}},{"start":{},"end":{}}],"line":111},"13":{"loc":{"start":{"line":112,"column":39},"end":{"line":112,"column":null}},"type":"if","locations":[{"start":{"line":112,"column":39},"end":{"line":112,"column":null}},{"start":{},"end":{}}],"line":112}},"s":{"0":2,"1":27,"2":27,"3":27,"4":27,"5":27,"6":27,"7":27,"8":9,"9":9,"10":27,"11":3,"12":3,"13":3,"14":3,"15":3,"16":3,"17":0,"18":3,"19":3,"20":3,"21":0,"22":27,"23":2,"24":2,"25":2,"26":2,"27":0,"28":2,"29":2,"30":2,"31":0,"32":27,"33":1,"34":1,"35":27,"36":3,"37":34,"38":2,"39":16,"40":6,"41":1,"42":0,"43":0,"44":0,"45":0},"f":{"0":27,"1":9,"2":9,"3":3,"4":2,"5":1,"6":3,"7":34,"8":2,"9":16,"10":6,"11":1,"12":0,"13":0},"b":{"0":[9,0],"1":[0,3],"2":[3,0],"3":[0,2],"4":[2,2],"5":[2,0],"6":[15,11],"7":[27,5],"8":[2,3],"9":[6,6],"10":[1,5],"11":[1,5],"12":[0,0],"13":[0,0]},"meta":{"lastBranch":14,"lastFunction":14,"lastStatement":46,"seen":{"s:4:20:9:Infinity":0,"f:11:24:11:33":0,"s:12:17:12:42":1,"s:13:20:13:48":2,"s:14:17:14:42":3,"s:15:24:15:56":4,"s:16:21:16:50":5,"s:17:22:17:52":6,"s:19:2:23:Infinity":7,"f:19:2:19:18":1,"s:20:4:22:Infinity":8,"f:21:7:21:12":2,"s:21:20:21:76":9,"b:21:52:21:59:21:59:21:75":0,"s:25:28:35:Infinity":10,"f:25:28:25:35":3,"s:26:4:26:Infinity":11,"s:27:4:27:Infinity":12,"s:28:4:28:Infinity":13,"s:29:4:29:Infinity":14,"s:30:4:30:Infinity":15,"b:31:4:31:Infinity:undefined:undefined:undefined:undefined":1,"s:31:4:31:Infinity":16,"s:31:16:31:Infinity":17,"s:32:4:35:Infinity":18,"s:33:19:33:44":19,"s:34:6:34:Infinity":20,"b:34:41:34:48:34:48:34:64":2,"s:35:20:35:Infinity":21,"s:38:25:46:Infinity":22,"f:38:25:38:32":4,"s:39:4:39:Infinity":23,"s:40:4:40:Infinity":24,"s:41:4:41:Infinity":25,"b:42:4:42:Infinity:undefined:undefined:undefined:undefined":3,"s:42:4:42:Infinity":26,"b:42:8:42:15:42:15:42:31":4,"s:42:31:42:Infinity":27,"s:43:4:46:Infinity":28,"s:44:19:44:53":29,"s:45:6:45:Infinity":30,"b:45:38:45:45:45:45:45:47":5,"s:46:20:46:Infinity":31,"s:49:8:51:Infinity":32,"f:49:8:49:28":5,"s:50:4:50:Infinity":33,"s:51:4:51:Infinity":34,"s:54:2:118:Infinity":35,"f:74:82:74:92":6,"s:74:97:74:130":36,"f:76:20:76:24":7,"s:76:29:76:68":37,"b:85:88:85:95:85:95:85:98":6,"f:85:119:85:129":8,"s:85:134:85:164":38,"f:87:23:87:27":9,"s:87:32:87:71":39,"b:92:9:92:Infinity:93:10:118:Infinity":7,"b:98:16:99:23:99:16:115:Infinity":8,"f:99:23:99:27":10,"s:100:16:115:Infinity":40,"f:102:18:102:33":11,"s:102:33:102:52":41,"b:103:25:103:37:103:37:103:Infinity":9,"b:107:57:107:89:107:89:107:Infinity":10,"b:108:52:108:61:108:61:108:Infinity":11,"f:111:18:111:32":12,"b:111:39:111:Infinity:undefined:undefined:undefined:undefined":12,"s:111:39:111:Infinity":42,"s:111:67:111:Infinity":43,"f:112:18:112:32":13,"b:112:39:112:Infinity:undefined:undefined:undefined:undefined":13,"s:112:39:112:Infinity":44,"s:112:67:112:Infinity":45}}}
,"/Users/vivek/personal/code/sql-storm/frontend/src/components/QueryBar.jsx": {"path":"/Users/vivek/personal/code/sql-storm/frontend/src/components/QueryBar.jsx","statementMap":{"0":{"start":{"line":4,"column":16},"end":{"line":4,"column":40}},"1":{"start":{"line":6,"column":8},"end":{"line":7,"column":null}},"2":{"start":{"line":7,"column":4},"end":{"line":7,"column":null}},"3":{"start":{"line":7,"column":33},"end":{"line":7,"column":null}},"4":{"start":{"line":10,"column":2},"end":{"line":35,"column":null}},"5":{"start":{"line":21,"column":23},"end":{"line":21,"column":47}},"6":{"start":{"line":22,"column":24},"end":{"line":22,"column":56}}},"fnMap":{"0":{"name":"QueryBar","decl":{"start":{"line":3,"column":24},"end":{"line":3,"column":33}},"loc":{"start":{"line":3,"column":57},"end":{"line":35,"column":null}},"line":3},"1":{"name":"(anonymous_1)","decl":{"start":{"line":6,"column":8},"end":{"line":6,"column":26}},"loc":{"start":{"line":6,"column":26},"end":{"line":7,"column":null}},"line":6},"2":{"name":"(anonymous_2)","decl":{"start":{"line":21,"column":8},"end":{"line":21,"column":18}},"loc":{"start":{"line":21,"column":23},"end":{"line":21,"column":47}},"line":21},"3":{"name":"(anonymous_3)","decl":{"start":{"line":22,"column":8},"end":{"line":22,"column":19}},"loc":{"start":{"line":22,"column":24},"end":{"line":22,"column":56}},"line":22}},"branchMap":{"0":{"loc":{"start":{"line":7,"column":4},"end":{"line":7,"column":null}},"type":"if","locations":[{"start":{"line":7,"column":4},"end":{"line":7,"column":null}},{"start":{},"end":{}}],"line":7},"1":{"loc":{"start":{"line":7,"column":8},"end":{"line":7,"column":33}},"type":"binary-expr","locations":[{"start":{"line":7,"column":8},"end":{"line":7,"column":20}},{"start":{"line":7,"column":24},"end":{"line":7,"column":33}}],"line":7},"2":{"loc":{"start":{"line":22,"column":24},"end":{"line":22,"column":56}},"type":"binary-expr","locations":[{"start":{"line":22,"column":24},"end":{"line":22,"column":45}},{"start":{"line":22,"column":45},"end":{"line":22,"column":56}}],"line":22},"3":{"loc":{"start":{"line":23,"column":21},"end":{"line":23,"column":null}},"type":"cond-expr","locations":[{"start":{"line":23,"column":31},"end":{"line":23,"column":76}},{"start":{"line":23,"column":76},"end":{"line":23,"column":null}}],"line":23},"4":{"loc":{"start":{"line":28,"column":18},"end":{"line":28,"column":43}},"type":"binary-expr","locations":[{"start":{"line":28,"column":18},"end":{"line":28,"column":30}},{"start":{"line":28,"column":30},"end":{"line":28,"column":43}}],"line":28}},"s":{"0":2,"1":2,"2":0,"3":0,"4":2,"5":0,"6":0},"f":{"0":2,"1":0,"2":0,"3":0},"b":{"0":[0,0],"1":[0,0],"2":[0,0],"3":[0,2],"4":[2,0]},"meta":{"lastBranch":5,"lastFunction":4,"lastStatement":7,"seen":{"f:3:24:3:33":0,"s:4:16:4:40":0,"s:6:8:7:Infinity":1,"f:6:8:6:26":1,"b:7:4:7:Infinity:undefined:undefined:undefined:undefined":0,"s:7:4:7:Infinity":2,"b:7:8:7:20:7:24:7:33":1,"s:7:33:7:Infinity":3,"s:10:2:35:Infinity":4,"f:21:8:21:18":2,"s:21:23:21:47":5,"f:22:8:22:19":3,"s:22:24:22:56":6,"b:22:24:22:45:22:45:22:56":2,"b:23:31:23:76:23:76:23:Infinity":3,"b:28:18:28:30:28:30:28:43":4}}}
,"/Users/vivek/personal/code/sql-storm/frontend/src/components/RowModal.jsx": {"path":"/Users/vivek/personal/code/sql-storm/frontend/src/components/RowModal.jsx","statementMap":{"0":{"start":{"line":6,"column":2},"end":{"line":7,"column":null}},"1":{"start":{"line":7,"column":4},"end":{"line":7,"column":null}},"2":{"start":{"line":9,"column":2},"end":{"line":9,"column":null}},"3":{"start":{"line":13,"column":19},"end":{"line":18,"column":null}},"4":{"start":{"line":14,"column":4},"end":{"line":15,"column":null}},"5":{"start":{"line":15,"column":6},"end":{"line":15,"column":null}},"6":{"start":{"line":15,"column":51},"end":{"line":15,"column":82}},"7":{"start":{"line":17,"column":4},"end":{"line":17,"column":null}},"8":{"start":{"line":17,"column":49},"end":{"line":17,"column":58}},"9":{"start":{"line":19,"column":17},"end":{"line":19,"column":45}},"10":{"start":{"line":20,"column":16},"end":{"line":20,"column":42}},"11":{"start":{"line":22,"column":23},"end":{"line":31,"column":null}},"12":{"start":{"line":23,"column":4},"end":{"line":23,"column":null}},"13":{"start":{"line":24,"column":4},"end":{"line":24,"column":null}},"14":{"start":{"line":25,"column":4},"end":{"line":25,"column":null}},"15":{"start":{"line":26,"column":4},"end":{"line":31,"column":null}},"16":{"start":{"line":27,"column":6},"end":{"line":27,"column":null}},"17":{"start":{"line":28,"column":6},"end":{"line":28,"column":null}},"18":{"start":{"line":30,"column":6},"end":{"line":30,"column":null}},"19":{"start":{"line":31,"column":6},"end":{"line":31,"column":null}},"20":{"start":{"line":35,"column":23},"end":{"line":43,"column":null}},"21":{"start":{"line":36,"column":4},"end":{"line":36,"column":null}},"22":{"start":{"line":37,"column":4},"end":{"line":37,"column":null}},"23":{"start":{"line":38,"column":4},"end":{"line":43,"column":null}},"24":{"start":{"line":39,"column":6},"end":{"line":39,"column":null}},"25":{"start":{"line":40,"column":6},"end":{"line":40,"column":null}},"26":{"start":{"line":42,"column":6},"end":{"line":42,"column":null}},"27":{"start":{"line":43,"column":6},"end":{"line":43,"column":null}},"28":{"start":{"line":47,"column":2},"end":{"line":141,"column":null}},"29":{"start":{"line":49,"column":24},"end":{"line":49,"column":null}},"30":{"start":{"line":49,"column":58},"end":{"line":49,"column":null}},"31":{"start":{"line":98,"column":32},"end":{"line":98,"column":null}},"32":{"start":{"line":99,"column":16},"end":{"line":121,"column":null}},"33":{"start":{"line":107,"column":35},"end":{"line":107,"column":92}},"34":{"start":{"line":107,"column":56},"end":{"line":107,"column":92}},"35":{"start":{"line":145,"column":22},"end":{"line":148,"column":null}},"36":{"start":{"line":150,"column":23},"end":{"line":154,"column":null}},"37":{"start":{"line":156,"column":21},"end":{"line":160,"column":null}},"38":{"start":{"line":162,"column":23},"end":{"line":166,"column":null}}},"fnMap":{"0":{"name":"normalizeValue","decl":{"start":{"line":5,"column":9},"end":{"line":5,"column":24}},"loc":{"start":{"line":5,"column":29},"end":{"line":9,"column":null}},"line":5},"1":{"name":"RowModal","decl":{"start":{"line":12,"column":24},"end":{"line":12,"column":33}},"loc":{"start":{"line":12,"column":88},"end":{"line":141,"column":null}},"line":12},"2":{"name":"(anonymous_2)","decl":{"start":{"line":13,"column":34},"end":{"line":13,"column":49}},"loc":{"start":{"line":13,"column":49},"end":{"line":18,"column":null}},"line":13},"3":{"name":"(anonymous_3)","decl":{"start":{"line":15,"column":40},"end":{"line":15,"column":44}},"loc":{"start":{"line":15,"column":51},"end":{"line":15,"column":82}},"line":15},"4":{"name":"(anonymous_4)","decl":{"start":{"line":17,"column":38},"end":{"line":17,"column":42}},"loc":{"start":{"line":17,"column":49},"end":{"line":17,"column":58}},"line":17},"5":{"name":"(anonymous_5)","decl":{"start":{"line":22,"column":23},"end":{"line":22,"column":30}},"loc":{"start":{"line":22,"column":36},"end":{"line":31,"column":null}},"line":22},"6":{"name":"(anonymous_6)","decl":{"start":{"line":35,"column":23},"end":{"line":35,"column":35}},"loc":{"start":{"line":35,"column":35},"end":{"line":43,"column":null}},"line":35},"7":{"name":"(anonymous_7)","decl":{"start":{"line":49,"column":6},"end":{"line":49,"column":16}},"loc":{"start":{"line":49,"column":22},"end":{"line":49,"column":null}},"line":49},"8":{"name":"(anonymous_8)","decl":{"start":{"line":97,"column":23},"end":{"line":97,"column":27}},"loc":{"start":{"line":97,"column":34},"end":{"line":121,"column":null}},"line":97},"9":{"name":"(anonymous_9)","decl":{"start":{"line":107,"column":20},"end":{"line":107,"column":30}},"loc":{"start":{"line":107,"column":35},"end":{"line":107,"column":92}},"line":107},"10":{"name":"(anonymous_10)","decl":{"start":{"line":107,"column":35},"end":{"line":107,"column":47}},"loc":{"start":{"line":107,"column":56},"end":{"line":107,"column":92}},"line":107}},"branchMap":{"0":{"loc":{"start":{"line":6,"column":2},"end":{"line":7,"column":null}},"type":"if","locations":[{"start":{"line":6,"column":2},"end":{"line":7,"column":null}},{"start":{},"end":{}}],"line":6},"1":{"loc":{"start":{"line":6,"column":6},"end":{"line":6,"column":81}},"type":"binary-expr","locations":[{"start":{"line":6,"column":6},"end":{"line":6,"column":33}},{"start":{"line":6,"column":33},"end":{"line":6,"column":81}}],"line":6},"2":{"loc":{"start":{"line":9,"column":9},"end":{"line":9,"column":39}},"type":"cond-expr","locations":[{"start":{"line":9,"column":23},"end":{"line":9,"column":28}},{"start":{"line":9,"column":28},"end":{"line":9,"column":39}}],"line":9},"3":{"loc":{"start":{"line":14,"column":4},"end":{"line":15,"column":null}},"type":"if","locations":[{"start":{"line":14,"column":4},"end":{"line":15,"column":null}},{"start":{},"end":{}}],"line":14},"4":{"loc":{"start":{"line":14,"column":8},"end":{"line":14,"column":32}},"type":"binary-expr","locations":[{"start":{"line":14,"column":8},"end":{"line":14,"column":27}},{"start":{"line":14,"column":27},"end":{"line":14,"column":32}}],"line":14},"5":{"loc":{"start":{"line":30,"column":15},"end":{"line":30,"column":60}},"type":"binary-expr","locations":[{"start":{"line":30,"column":15},"end":{"line":30,"column":37}},{"start":{"line":30,"column":37},"end":{"line":30,"column":52}},{"start":{"line":30,"column":52},"end":{"line":30,"column":60}}],"line":30},"6":{"loc":{"start":{"line":42,"column":15},"end":{"line":42,"column":60}},"type":"binary-expr","locations":[{"start":{"line":42,"column":15},"end":{"line":42,"column":37}},{"start":{"line":42,"column":37},"end":{"line":42,"column":52}},{"start":{"line":42,"column":52},"end":{"line":42,"column":60}}],"line":42},"7":{"loc":{"start":{"line":49,"column":24},"end":{"line":49,"column":null}},"type":"if","locations":[{"start":{"line":49,"column":24},"end":{"line":49,"column":null}},{"start":{},"end":{}}],"line":49},"8":{"loc":{"start":{"line":74,"column":13},"end":{"line":74,"column":null}},"type":"cond-expr","locations":[{"start":{"line":74,"column":30},"end":{"line":74,"column":42}},{"start":{"line":74,"column":42},"end":{"line":74,"column":null}}],"line":74},"9":{"loc":{"start":{"line":74,"column":42},"end":{"line":74,"column":null}},"type":"cond-expr","locations":[{"start":{"line":74,"column":60},"end":{"line":74,"column":73}},{"start":{"line":74,"column":73},"end":{"line":74,"column":null}}],"line":74},"10":{"loc":{"start":{"line":79,"column":9},"end":{"line":136,"column":null}},"type":"cond-expr","locations":[{"start":{"line":81,"column":10},"end":{"line":95,"column":11}},{"start":{"line":95,"column":10},"end":{"line":136,"column":null}}],"line":79},"11":{"loc":{"start":{"line":85,"column":13},"end":{"line":85,"column":null}},"type":"binary-expr","locations":[{"start":{"line":85,"column":13},"end":{"line":85,"column":22}},{"start":{"line":85,"column":22},"end":{"line":85,"column":null}}],"line":85},"12":{"loc":{"start":{"line":89,"column":17},"end":{"line":89,"column":null}},"type":"cond-expr","locations":[{"start":{"line":89,"column":26},"end":{"line":89,"column":40}},{"start":{"line":89,"column":40},"end":{"line":89,"column":null}}],"line":89},"13":{"loc":{"start":{"line":106,"column":27},"end":{"line":106,"column":null}},"type":"binary-expr","locations":[{"start":{"line":106,"column":27},"end":{"line":106,"column":44}},{"start":{"line":106,"column":44},"end":{"line":106,"column":null}}],"line":106},"14":{"loc":{"start":{"line":108,"column":30},"end":{"line":108,"column":null}},"type":"binary-expr","locations":[{"start":{"line":108,"column":30},"end":{"line":108,"column":49}},{"start":{"line":108,"column":49},"end":{"line":108,"column":null}}],"line":108},"15":{"loc":{"start":{"line":109,"column":33},"end":{"line":109,"column":null}},"type":"cond-expr","locations":[{"start":{"line":109,"column":65},"end":{"line":109,"column":83}},{"start":{"line":109,"column":83},"end":{"line":109,"column":null}}],"line":109},"16":{"loc":{"start":{"line":109,"column":33},"end":{"line":109,"column":65}},"type":"binary-expr","locations":[{"start":{"line":109,"column":33},"end":{"line":109,"column":52}},{"start":{"line":109,"column":52},"end":{"line":109,"column":65}}],"line":109},"17":{"loc":{"start":{"line":117,"column":34},"end":{"line":117,"column":null}},"type":"cond-expr","locations":[{"start":{"line":117,"column":66},"end":{"line":117,"column":93}},{"start":{"line":117,"column":93},"end":{"line":117,"column":null}}],"line":117},"18":{"loc":{"start":{"line":117,"column":34},"end":{"line":117,"column":66}},"type":"binary-expr","locations":[{"start":{"line":117,"column":34},"end":{"line":117,"column":53}},{"start":{"line":117,"column":53},"end":{"line":117,"column":66}}],"line":117},"19":{"loc":{"start":{"line":126,"column":13},"end":{"line":129,"column":null}},"type":"binary-expr","locations":[{"start":{"line":126,"column":13},"end":{"line":126,"column":null}},{"start":{"line":127,"column":14},"end":{"line":129,"column":null}}],"line":126},"20":{"loc":{"start":{"line":128,"column":17},"end":{"line":128,"column":null}},"type":"cond-expr","locations":[{"start":{"line":128,"column":45},"end":{"line":128,"column":66}},{"start":{"line":128,"column":69},"end":{"line":128,"column":null}}],"line":128},"21":{"loc":{"start":{"line":135,"column":17},"end":{"line":135,"column":null}},"type":"cond-expr","locations":[{"start":{"line":135,"column":26},"end":{"line":135,"column":38}},{"start":{"line":135,"column":38},"end":{"line":135,"column":null}}],"line":135},"22":{"loc":{"start":{"line":135,"column":38},"end":{"line":135,"column":null}},"type":"cond-expr","locations":[{"start":{"line":135,"column":55},"end":{"line":135,"column":67}},{"start":{"line":135,"column":67},"end":{"line":135,"column":null}}],"line":135}},"s":{"0":6,"1":1,"2":5,"3":17,"4":11,"5":3,"6":6,"7":8,"8":17,"9":17,"10":17,"11":17,"12":3,"13":3,"14":3,"15":3,"16":3,"17":2,"18":1,"19":1,"20":17,"21":1,"22":1,"23":1,"24":1,"25":1,"26":0,"27":0,"28":17,"29":5,"30":1,"31":28,"32":28,"33":1,"34":1,"35":3,"36":3,"37":3,"38":3},"f":{"0":6,"1":17,"2":11,"3":6,"4":17,"5":3,"6":1,"7":5,"8":28,"9":1,"10":1},"b":{"0":[1,5],"1":[6,5],"2":[0,5],"3":[3,8],"4":[11,3],"5":[1,1,0],"6":[0,0,0],"7":[1,4],"8":[11,6],"9":[3,3],"10":[3,14],"11":[3,0],"12":[1,2],"13":[28,0],"14":[28,6],"15":[1,27],"16":[28,6],"17":[1,27],"18":[28,6],"19":[14,1],"20":[0,1],"21":[3,11],"22":[8,3]},"meta":{"lastBranch":23,"lastFunction":11,"lastStatement":39,"seen":{"f:5:9:5:24":0,"b:6:2:7:Infinity:undefined:undefined:undefined:undefined":0,"s:6:2:7:Infinity":0,"b:6:6:6:33:6:33:6:81":1,"s:7:4:7:Infinity":1,"s:9:2:9:Infinity":2,"b:9:23:9:28:9:28:9:39":2,"f:12:24:12:33":1,"s:13:19:18:Infinity":3,"f:13:34:13:49":2,"b:14:4:15:Infinity:undefined:undefined:undefined:undefined":3,"s:14:4:15:Infinity":4,"b:14:8:14:27:14:27:14:32":4,"s:15:6:15:Infinity":5,"f:15:40:15:44":3,"s:15:51:15:82":6,"s:17:4:17:Infinity":7,"f:17:38:17:42":4,"s:17:49:17:58":8,"s:19:17:19:45":9,"s:20:16:20:42":10,"s:22:23:31:Infinity":11,"f:22:23:22:30":5,"s:23:4:23:Infinity":12,"s:24:4:24:Infinity":13,"s:25:4:25:Infinity":14,"s:26:4:31:Infinity":15,"s:27:6:27:Infinity":16,"s:28:6:28:Infinity":17,"s:30:6:30:Infinity":18,"b:30:15:30:37:30:37:30:52:30:52:30:60":5,"s:31:6:31:Infinity":19,"s:35:23:43:Infinity":20,"f:35:23:35:35":6,"s:36:4:36:Infinity":21,"s:37:4:37:Infinity":22,"s:38:4:43:Infinity":23,"s:39:6:39:Infinity":24,"s:40:6:40:Infinity":25,"s:42:6:42:Infinity":26,"b:42:15:42:37:42:37:42:52:42:52:42:60":6,"s:43:6:43:Infinity":27,"s:47:2:141:Infinity":28,"f:49:6:49:16":7,"b:49:24:49:Infinity:undefined:undefined:undefined:undefined":7,"s:49:24:49:Infinity":29,"s:49:58:49:Infinity":30,"b:74:30:74:42:74:42:74:Infinity":8,"b:74:60:74:73:74:73:74:Infinity":9,"b:81:10:95:11:95:10:136:Infinity":10,"b:85:13:85:22:85:22:85:Infinity":11,"b:89:26:89:40:89:40:89:Infinity":12,"f:97:23:97:27":8,"s:98:32:98:Infinity":31,"s:99:16:121:Infinity":32,"b:106:27:106:44:106:44:106:Infinity":13,"f:107:20:107:30":9,"s:107:35:107:92":33,"f:107:35:107:47":10,"s:107:56:107:92":34,"b:108:30:108:49:108:49:108:Infinity":14,"b:109:65:109:83:109:83:109:Infinity":15,"b:109:33:109:52:109:52:109:65":16,"b:117:66:117:93:117:93:117:Infinity":17,"b:117:34:117:53:117:53:117:66":18,"b:126:13:126:Infinity:127:14:129:Infinity":19,"b:128:45:128:66:128:69:128:Infinity":20,"b:135:26:135:38:135:38:135:Infinity":21,"b:135:55:135:67:135:67:135:Infinity":22,"s:145:22:148:Infinity":35,"s:150:23:154:Infinity":36,"s:156:21:160:Infinity":37,"s:162:23:166:Infinity":38}}}
,"/Users/vivek/personal/code/sql-storm/frontend/src/components/TableGrid.jsx": {"path":"/Users/vivek/personal/code/sql-storm/frontend/src/components/TableGrid.jsx","statementMap":{"0":{"start":{"line":12,"column":20},"end":{"line":12,"column":null}},"1":{"start":{"line":13,"column":25},"end":{"line":13,"column":null}},"2":{"start":{"line":16,"column":18},"end":{"line":16,"column":44}},"3":{"start":{"line":17,"column":15},"end":{"line":17,"column":40}},"4":{"start":{"line":20,"column":18},"end":{"line":20,"column":44}},"5":{"start":{"line":22,"column":18},"end":{"line":22,"column":46}},"6":{"start":{"line":23,"column":16},"end":{"line":23,"column":42}},"7":{"start":{"line":24,"column":8},"end":{"line":24,"column":36}},"8":{"start":{"line":26,"column":18},"end":{"line":26,"column":49}},"9":{"start":{"line":27,"column":23},"end":{"line":27,"column":59}},"10":{"start":{"line":28,"column":13},"end":{"line":28,"column":null}},"11":{"start":{"line":29,"column":18},"end":{"line":29,"column":null}},"12":{"start":{"line":30,"column":20},"end":{"line":30,"column":null}},"13":{"start":{"line":32,"column":8},"end":{"line":37,"column":44}},"14":{"start":{"line":33,"column":4},"end":{"line":33,"column":null}},"15":{"start":{"line":33,"column":24},"end":{"line":33,"column":null}},"16":{"start":{"line":34,"column":17},"end":{"line":34,"column":null}},"17":{"start":{"line":35,"column":21},"end":{"line":35,"column":null}},"18":{"start":{"line":36,"column":4},"end":{"line":36,"column":null}},"19":{"start":{"line":40,"column":2},"end":{"line":45,"column":null}},"20":{"start":{"line":41,"column":4},"end":{"line":41,"column":null}},"21":{"start":{"line":41,"column":33},"end":{"line":41,"column":64}},"22":{"start":{"line":41,"column":64},"end":{"line":41,"column":null}},"23":{"start":{"line":42,"column":4},"end":{"line":42,"column":null}},"24":{"start":{"line":42,"column":25},"end":{"line":42,"column":null}},"25":{"start":{"line":43,"column":20},"end":{"line":43,"column":69}},"26":{"start":{"line":43,"column":37},"end":{"line":43,"column":63}},"27":{"start":{"line":44,"column":4},"end":{"line":44,"column":null}},"28":{"start":{"line":44,"column":17},"end":{"line":44,"column":38}},"29":{"start":{"line":47,"column":8},"end":{"line":55,"column":null}},"30":{"start":{"line":48,"column":4},"end":{"line":48,"column":null}},"31":{"start":{"line":48,"column":25},"end":{"line":48,"column":null}},"32":{"start":{"line":49,"column":4},"end":{"line":55,"column":null}},"33":{"start":{"line":50,"column":6},"end":{"line":52,"column":null}},"34":{"start":{"line":51,"column":8},"end":{"line":51,"column":null}},"35":{"start":{"line":51,"column":32},"end":{"line":51,"column":null}},"36":{"start":{"line":52,"column":8},"end":{"line":52,"column":null}},"37":{"start":{"line":54,"column":6},"end":{"line":54,"column":null}},"38":{"start":{"line":58,"column":21},"end":{"line":66,"column":null}},"39":{"start":{"line":59,"column":15},"end":{"line":59,"column":null}},"40":{"start":{"line":60,"column":16},"end":{"line":60,"column":null}},"41":{"start":{"line":61,"column":4},"end":{"line":64,"column":null}},"42":{"start":{"line":62,"column":6},"end":{"line":62,"column":null}},"43":{"start":{"line":64,"column":6},"end":{"line":64,"column":null}},"44":{"start":{"line":66,"column":4},"end":{"line":66,"column":null}},"45":{"start":{"line":69,"column":23},"end":{"line":73,"column":null}},"46":{"start":{"line":70,"column":15},"end":{"line":70,"column":null}},"47":{"start":{"line":71,"column":16},"end":{"line":71,"column":null}},"48":{"start":{"line":72,"column":4},"end":{"line":72,"column":null}},"49":{"start":{"line":73,"column":4},"end":{"line":73,"column":null}},"50":{"start":{"line":76,"column":8},"end":{"line":103,"column":62}},"51":{"start":{"line":77,"column":4},"end":{"line":77,"column":null}},"52":{"start":{"line":77,"column":37},"end":{"line":77,"column":null}},"53":{"start":{"line":78,"column":4},"end":{"line":102,"column":null}},"54":{"start":{"line":78,"column":41},"end":{"line":102,"column":7}},"55":{"start":{"line":81,"column":30},"end":{"line":81,"column":null}},"56":{"start":{"line":82,"column":8},"end":{"line":91,"column":null}},"57":{"start":{"line":97,"column":20},"end":{"line":97,"column":35}},"58":{"start":{"line":98,"column":8},"end":{"line":99,"column":null}},"59":{"start":{"line":99,"column":10},"end":{"line":99,"column":null}},"60":{"start":{"line":100,"column":8},"end":{"line":100,"column":null}},"61":{"start":{"line":105,"column":8},"end":{"line":112,"column":4}},"62":{"start":{"line":114,"column":19},"end":{"line":122,"column":null}},"63":{"start":{"line":115,"column":4},"end":{"line":115,"column":null}},"64":{"start":{"line":116,"column":4},"end":{"line":122,"column":null}},"65":{"start":{"line":117,"column":22},"end":{"line":117,"column":32}},"66":{"start":{"line":118,"column":6},"end":{"line":118,"column":null}},"67":{"start":{"line":118,"column":31},"end":{"line":118,"column":null}},"68":{"start":{"line":120,"column":6},"end":{"line":120,"column":null}},"69":{"start":{"line":122,"column":6},"end":{"line":122,"column":null}},"70":{"start":{"line":126,"column":2},"end":{"line":126,"column":null}},"71":{"start":{"line":126,"column":18},"end":{"line":126,"column":null}},"72":{"start":{"line":128,"column":13},"end":{"line":128,"column":null}},"73":{"start":{"line":129,"column":14},"end":{"line":129,"column":null}},"74":{"start":{"line":130,"column":16},"end":{"line":130,"column":null}},"75":{"start":{"line":131,"column":17},"end":{"line":131,"column":null}},"76":{"start":{"line":132,"column":20},"end":{"line":132,"column":null}},"77":{"start":{"line":133,"column":18},"end":{"line":133,"column":null}},"78":{"start":{"line":135,"column":8},"end":{"line":144,"column":31}},"79":{"start":{"line":136,"column":17},"end":{"line":136,"column":null}},"80":{"start":{"line":137,"column":10},"end":{"line":137,"column":57}},"81":{"start":{"line":137,"column":25},"end":{"line":137,"column":57}},"82":{"start":{"line":138,"column":4},"end":{"line":141,"column":null}},"83":{"start":{"line":139,"column":25},"end":{"line":139,"column":43}},"84":{"start":{"line":140,"column":6},"end":{"line":140,"column":null}},"85":{"start":{"line":140,"column":19},"end":{"line":140,"column":null}},"86":{"start":{"line":141,"column":6},"end":{"line":141,"column":null}},"87":{"start":{"line":143,"column":4},"end":{"line":143,"column":null}},"88":{"start":{"line":146,"column":8},"end":{"line":153,"column":null}},"89":{"start":{"line":147,"column":4},"end":{"line":150,"column":null}},"90":{"start":{"line":148,"column":16},"end":{"line":148,"column":47}},"91":{"start":{"line":148,"column":34},"end":{"line":148,"column":47}},"92":{"start":{"line":149,"column":6},"end":{"line":149,"column":null}},"93":{"start":{"line":149,"column":14},"end":{"line":149,"column":null}},"94":{"start":{"line":150,"column":6},"end":{"line":150,"column":null}},"95":{"start":{"line":152,"column":4},"end":{"line":152,"column":null}},"96":{"start":{"line":152,"column":27},"end":{"line":152,"column":null}},"97":{"start":{"line":153,"column":4},"end":{"line":153,"column":null}},"98":{"start":{"line":156,"column":2},"end":{"line":353,"column":null}},"99":{"start":{"line":166,"column":25},"end":{"line":166,"column":null}},"100":{"start":{"line":210,"column":29},"end":{"line":210,"column":65}},"101":{"start":{"line":230,"column":16},"end":{"line":269,"column":null}},"102":{"start":{"line":235,"column":39},"end":{"line":235,"column":null}},"103":{"start":{"line":236,"column":42},"end":{"line":238,"column":60}},"104":{"start":{"line":237,"column":32},"end":{"line":237,"column":60}},"105":{"start":{"line":239,"column":22},"end":{"line":245,"column":null}},"106":{"start":{"line":256,"column":24},"end":{"line":264,"column":null}},"107":{"start":{"line":259,"column":43},"end":{"line":259,"column":107}},"108":{"start":{"line":259,"column":63},"end":{"line":259,"column":107}},"109":{"start":{"line":274,"column":16},"end":{"line":347,"column":null}},"110":{"start":{"line":278,"column":32},"end":{"line":278,"column":null}},"111":{"start":{"line":279,"column":39},"end":{"line":279,"column":null}},"112":{"start":{"line":280,"column":37},"end":{"line":280,"column":null}},"113":{"start":{"line":281,"column":37},"end":{"line":281,"column":null}},"114":{"start":{"line":282,"column":32},"end":{"line":282,"column":47}},"115":{"start":{"line":283,"column":36},"end":{"line":283,"column":null}},"116":{"start":{"line":284,"column":39},"end":{"line":284,"column":null}},"117":{"start":{"line":285,"column":35},"end":{"line":285,"column":null}},"118":{"start":{"line":286,"column":36},"end":{"line":288,"column":35}},"119":{"start":{"line":290,"column":20},"end":{"line":313,"column":null}},"120":{"start":{"line":294,"column":43},"end":{"line":294,"column":131}},"121":{"start":{"line":294,"column":52},"end":{"line":294,"column":130}},"122":{"start":{"line":306,"column":43},"end":{"line":306,"column":139}},"123":{"start":{"line":306,"column":52},"end":{"line":306,"column":138}},"124":{"start":{"line":320,"column":39},"end":{"line":320,"column":122}},"125":{"start":{"line":320,"column":57},"end":{"line":320,"column":121}},"126":{"start":{"line":329,"column":41},"end":{"line":329,"column":86}},"127":{"start":{"line":338,"column":41},"end":{"line":338,"column":88}},"128":{"start":{"line":357,"column":22},"end":{"line":362,"column":null}},"129":{"start":{"line":364,"column":16},"end":{"line":372,"column":null}},"130":{"start":{"line":374,"column":16},"end":{"line":381,"column":null}}},"fnMap":{"0":{"name":"TableGrid","decl":{"start":{"line":11,"column":24},"end":{"line":11,"column":34}},"loc":{"start":{"line":11,"column":110},"end":{"line":353,"column":null}},"line":11},"1":{"name":"(anonymous_1)","decl":{"start":{"line":32,"column":22},"end":{"line":32,"column":36}},"loc":{"start":{"line":32,"column":36},"end":{"line":37,"column":6}},"line":32},"2":{"name":"(anonymous_2)","decl":{"start":{"line":40,"column":2},"end":{"line":40,"column":18}},"loc":{"start":{"line":40,"column":18},"end":{"line":45,"column":6}},"line":40},"3":{"name":"(anonymous_3)","decl":{"start":{"line":43,"column":20},"end":{"line":43,"column":37}},"loc":{"start":{"line":43,"column":37},"end":{"line":43,"column":63}},"line":43},"4":{"name":"(anonymous_4)","decl":{"start":{"line":44,"column":4},"end":{"line":44,"column":17}},"loc":{"start":{"line":44,"column":17},"end":{"line":44,"column":38}},"line":44},"5":{"name":"(anonymous_5)","decl":{"start":{"line":47,"column":8},"end":{"line":47,"column":27}},"loc":{"start":{"line":47,"column":35},"end":{"line":55,"column":null}},"line":47},"6":{"name":"(anonymous_6)","decl":{"start":{"line":49,"column":4},"end":{"line":49,"column":12}},"loc":{"start":{"line":49,"column":20},"end":{"line":55,"column":null}},"line":49},"7":{"name":"(anonymous_7)","decl":{"start":{"line":58,"column":21},"end":{"line":58,"column":28}},"loc":{"start":{"line":58,"column":41},"end":{"line":66,"column":null}},"line":58},"8":{"name":"(anonymous_8)","decl":{"start":{"line":69,"column":23},"end":{"line":69,"column":35}},"loc":{"start":{"line":69,"column":35},"end":{"line":73,"column":null}},"line":69},"9":{"name":"(anonymous_9)","decl":{"start":{"line":76,"column":18},"end":{"line":76,"column":32}},"loc":{"start":{"line":76,"column":32},"end":{"line":103,"column":6}},"line":76},"10":{"name":"(anonymous_10)","decl":{"start":{"line":78,"column":29},"end":{"line":78,"column":33}},"loc":{"start":{"line":78,"column":41},"end":{"line":102,"column":7}},"line":78},"11":{"name":"(anonymous_11)","decl":{"start":{"line":80,"column":6},"end":{"line":80,"column":20}},"loc":{"start":{"line":80,"column":20},"end":{"line":91,"column":null}},"line":80},"12":{"name":"(anonymous_12)","decl":{"start":{"line":96,"column":6},"end":{"line":96,"column":12}},"loc":{"start":{"line":96,"column":20},"end":{"line":100,"column":null}},"line":96},"13":{"name":"(anonymous_13)","decl":{"start":{"line":114,"column":19},"end":{"line":114,"column":26}},"loc":{"start":{"line":114,"column":38},"end":{"line":122,"column":null}},"line":114},"14":{"name":"(anonymous_14)","decl":{"start":{"line":135,"column":28},"end":{"line":135,"column":42}},"loc":{"start":{"line":135,"column":42},"end":{"line":144,"column":6}},"line":135},"15":{"name":"(anonymous_15)","decl":{"start":{"line":137,"column":10},"end":{"line":137,"column":20}},"loc":{"start":{"line":137,"column":25},"end":{"line":137,"column":57}},"line":137},"16":{"name":"(anonymous_16)","decl":{"start":{"line":146,"column":8},"end":{"line":146,"column":23}},"loc":{"start":{"line":146,"column":31},"end":{"line":153,"column":null}},"line":146},"17":{"name":"(anonymous_17)","decl":{"start":{"line":148,"column":24},"end":{"line":148,"column":29}},"loc":{"start":{"line":148,"column":34},"end":{"line":148,"column":47}},"line":148},"18":{"name":"(anonymous_18)","decl":{"start":{"line":166,"column":10},"end":{"line":166,"column":25}},"loc":{"start":{"line":166,"column":25},"end":{"line":166,"column":null}},"line":166},"19":{"name":"(anonymous_19)","decl":{"start":{"line":210,"column":14},"end":{"line":210,"column":29}},"loc":{"start":{"line":210,"column":29},"end":{"line":210,"column":65}},"line":210},"20":{"name":"(anonymous_20)","decl":{"start":{"line":229,"column":39},"end":{"line":229,"column":43}},"loc":{"start":{"line":230,"column":16},"end":{"line":269,"column":null}},"line":230},"21":{"name":"(anonymous_21)","decl":{"start":{"line":234,"column":32},"end":{"line":234,"column":36}},"loc":{"start":{"line":234,"column":41},"end":{"line":247,"column":null}},"line":234},"22":{"name":"(anonymous_22)","decl":{"start":{"line":236,"column":42},"end":{"line":236,"column":null}},"loc":{"start":{"line":237,"column":32},"end":{"line":237,"column":60}},"line":237},"23":{"name":"(anonymous_23)","decl":{"start":{"line":255,"column":34},"end":{"line":255,"column":38}},"loc":{"start":{"line":256,"column":24},"end":{"line":264,"column":null}},"line":256},"24":{"name":"(anonymous_24)","decl":{"start":{"line":259,"column":28},"end":{"line":259,"column":38}},"loc":{"start":{"line":259,"column":43},"end":{"line":259,"column":107}},"line":259},"25":{"name":"(anonymous_25)","decl":{"start":{"line":259,"column":43},"end":{"line":259,"column":54}},"loc":{"start":{"line":259,"column":63},"end":{"line":259,"column":107}},"line":259},"26":{"name":"(anonymous_26)","decl":{"start":{"line":273,"column":40},"end":{"line":273,"column":45}},"loc":{"start":{"line":274,"column":16},"end":{"line":347,"column":null}},"line":274},"27":{"name":"(anonymous_27)","decl":{"start":{"line":277,"column":41},"end":{"line":277,"column":45}},"loc":{"start":{"line":277,"column":53},"end":{"line":315,"column":null}},"line":277},"28":{"name":"(anonymous_28)","decl":{"start":{"line":294,"column":28},"end":{"line":294,"column":43}},"loc":{"start":{"line":294,"column":43},"end":{"line":294,"column":131}},"line":294},"29":{"name":"(anonymous_29)","decl":{"start":{"line":294,"column":52},"end":{"line":294,"column":67}},"loc":{"start":{"line":294,"column":52},"end":{"line":294,"column":130}},"line":294},"30":{"name":"(anonymous_30)","decl":{"start":{"line":306,"column":28},"end":{"line":306,"column":43}},"loc":{"start":{"line":306,"column":43},"end":{"line":306,"column":139}},"line":306},"31":{"name":"(anonymous_31)","decl":{"start":{"line":306,"column":52},"end":{"line":306,"column":70}},"loc":{"start":{"line":306,"column":52},"end":{"line":306,"column":138}},"line":306},"32":{"name":"(anonymous_32)","decl":{"start":{"line":320,"column":24},"end":{"line":320,"column":39}},"loc":{"start":{"line":320,"column":39},"end":{"line":320,"column":122}},"line":320},"33":{"name":"(anonymous_33)","decl":{"start":{"line":320,"column":57},"end":{"line":320,"column":70}},"loc":{"start":{"line":320,"column":57},"end":{"line":320,"column":121}},"line":320},"34":{"name":"(anonymous_34)","decl":{"start":{"line":329,"column":26},"end":{"line":329,"column":41}},"loc":{"start":{"line":329,"column":41},"end":{"line":329,"column":86}},"line":329},"35":{"name":"(anonymous_35)","decl":{"start":{"line":338,"column":26},"end":{"line":338,"column":41}},"loc":{"start":{"line":338,"column":41},"end":{"line":338,"column":88}},"line":338}},"branchMap":{"0":{"loc":{"start":{"line":11,"column":79},"end":{"line":11,"column":98}},"type":"default-arg","locations":[{"start":{"line":11,"column":93},"end":{"line":11,"column":98}}],"line":11},"1":{"loc":{"start":{"line":12,"column":20},"end":{"line":12,"column":null}},"type":"binary-expr","locations":[{"start":{"line":12,"column":20},"end":{"line":12,"column":44}},{"start":{"line":12,"column":44},"end":{"line":12,"column":null}}],"line":12},"2":{"loc":{"start":{"line":13,"column":25},"end":{"line":13,"column":null}},"type":"binary-expr","locations":[{"start":{"line":13,"column":25},"end":{"line":13,"column":49}},{"start":{"line":13,"column":49},"end":{"line":13,"column":null}}],"line":13},"3":{"loc":{"start":{"line":26,"column":18},"end":{"line":26,"column":49}},"type":"binary-expr","locations":[{"start":{"line":26,"column":18},"end":{"line":26,"column":47}},{"start":{"line":26,"column":47},"end":{"line":26,"column":49}}],"line":26},"4":{"loc":{"start":{"line":27,"column":23},"end":{"line":27,"column":59}},"type":"binary-expr","locations":[{"start":{"line":27,"column":23},"end":{"line":27,"column":57}},{"start":{"line":27,"column":57},"end":{"line":27,"column":59}}],"line":27},"5":{"loc":{"start":{"line":28,"column":13},"end":{"line":28,"column":null}},"type":"binary-expr","locations":[{"start":{"line":28,"column":13},"end":{"line":28,"column":30}},{"start":{"line":28,"column":30},"end":{"line":28,"column":null}}],"line":28},"6":{"loc":{"start":{"line":29,"column":18},"end":{"line":29,"column":null}},"type":"binary-expr","locations":[{"start":{"line":29,"column":18},"end":{"line":29,"column":31}},{"start":{"line":29,"column":31},"end":{"line":29,"column":49}},{"start":{"line":29,"column":49},"end":{"line":29,"column":55}},{"start":{"line":29,"column":55},"end":{"line":29,"column":null}}],"line":29},"7":{"loc":{"start":{"line":30,"column":20},"end":{"line":30,"column":null}},"type":"binary-expr","locations":[{"start":{"line":30,"column":20},"end":{"line":30,"column":33}},{"start":{"line":30,"column":33},"end":{"line":30,"column":51}},{"start":{"line":30,"column":51},"end":{"line":30,"column":57}},{"start":{"line":30,"column":57},"end":{"line":30,"column":null}}],"line":30},"8":{"loc":{"start":{"line":33,"column":4},"end":{"line":33,"column":null}},"type":"if","locations":[{"start":{"line":33,"column":4},"end":{"line":33,"column":null}},{"start":{},"end":{}}],"line":33},"9":{"loc":{"start":{"line":34,"column":17},"end":{"line":34,"column":null}},"type":"binary-expr","locations":[{"start":{"line":34,"column":17},"end":{"line":34,"column":36}},{"start":{"line":34,"column":36},"end":{"line":34,"column":null}}],"line":34},"10":{"loc":{"start":{"line":35,"column":21},"end":{"line":35,"column":null}},"type":"binary-expr","locations":[{"start":{"line":35,"column":21},"end":{"line":35,"column":45}},{"start":{"line":35,"column":49},"end":{"line":35,"column":null}}],"line":35},"11":{"loc":{"start":{"line":36,"column":11},"end":{"line":36,"column":null}},"type":"binary-expr","locations":[{"start":{"line":36,"column":11},"end":{"line":36,"column":36}},{"start":{"line":36,"column":40},"end":{"line":36,"column":null}}],"line":36},"12":{"loc":{"start":{"line":41,"column":4},"end":{"line":41,"column":null}},"type":"if","locations":[{"start":{"line":41,"column":4},"end":{"line":41,"column":null}},{"start":{},"end":{}}],"line":41},"13":{"loc":{"start":{"line":42,"column":4},"end":{"line":42,"column":null}},"type":"if","locations":[{"start":{"line":42,"column":4},"end":{"line":42,"column":null}},{"start":{},"end":{}}],"line":42},"14":{"loc":{"start":{"line":48,"column":4},"end":{"line":48,"column":null}},"type":"if","locations":[{"start":{"line":48,"column":4},"end":{"line":48,"column":null}},{"start":{},"end":{}}],"line":48},"15":{"loc":{"start":{"line":50,"column":6},"end":{"line":52,"column":null}},"type":"if","locations":[{"start":{"line":50,"column":6},"end":{"line":52,"column":null}},{"start":{},"end":{}}],"line":50},"16":{"loc":{"start":{"line":51,"column":8},"end":{"line":51,"column":null}},"type":"if","locations":[{"start":{"line":51,"column":8},"end":{"line":51,"column":null}},{"start":{},"end":{}}],"line":51},"17":{"loc":{"start":{"line":61,"column":4},"end":{"line":64,"column":null}},"type":"if","locations":[{"start":{"line":61,"column":4},"end":{"line":64,"column":null}},{"start":{"line":63,"column":11},"end":{"line":64,"column":null}}],"line":61},"18":{"loc":{"start":{"line":77,"column":4},"end":{"line":77,"column":null}},"type":"if","locations":[{"start":{"line":77,"column":4},"end":{"line":77,"column":null}},{"start":{},"end":{}}],"line":77},"19":{"loc":{"start":{"line":84,"column":25},"end":{"line":84,"column":93}},"type":"cond-expr","locations":[{"start":{"line":84,"column":41},"end":{"line":84,"column":91}},{"start":{"line":84,"column":91},"end":{"line":84,"column":93}}],"line":84},"20":{"loc":{"start":{"line":87,"column":13},"end":{"line":88,"column":null}},"type":"binary-expr","locations":[{"start":{"line":87,"column":13},"end":{"line":87,"column":null}},{"start":{"line":88,"column":14},"end":{"line":88,"column":null}}],"line":87},"21":{"loc":{"start":{"line":90,"column":13},"end":{"line":91,"column":null}},"type":"binary-expr","locations":[{"start":{"line":90,"column":13},"end":{"line":90,"column":null}},{"start":{"line":91,"column":14},"end":{"line":91,"column":null}}],"line":90},"22":{"loc":{"start":{"line":98,"column":8},"end":{"line":99,"column":null}},"type":"if","locations":[{"start":{"line":98,"column":8},"end":{"line":99,"column":null}},{"start":{},"end":{}}],"line":98},"23":{"loc":{"start":{"line":98,"column":12},"end":{"line":98,"column":null}},"type":"binary-expr","locations":[{"start":{"line":98,"column":12},"end":{"line":98,"column":28}},{"start":{"line":98,"column":28},"end":{"line":98,"column":null}}],"line":98},"24":{"loc":{"start":{"line":106,"column":10},"end":{"line":106,"column":31}},"type":"binary-expr","locations":[{"start":{"line":106,"column":10},"end":{"line":106,"column":29}},{"start":{"line":106,"column":29},"end":{"line":106,"column":31}}],"line":106},"25":{"loc":{"start":{"line":118,"column":6},"end":{"line":118,"column":null}},"type":"if","locations":[{"start":{"line":118,"column":6},"end":{"line":118,"column":null}},{"start":{},"end":{}}],"line":118},"26":{"loc":{"start":{"line":126,"column":2},"end":{"line":126,"column":null}},"type":"if","locations":[{"start":{"line":126,"column":2},"end":{"line":126,"column":null}},{"start":{},"end":{}}],"line":126},"27":{"loc":{"start":{"line":130,"column":16},"end":{"line":130,"column":null}},"type":"binary-expr","locations":[{"start":{"line":130,"column":16},"end":{"line":130,"column":51}},{"start":{"line":130,"column":51},"end":{"line":130,"column":null}}],"line":130},"28":{"loc":{"start":{"line":131,"column":17},"end":{"line":131,"column":null}},"type":"binary-expr","locations":[{"start":{"line":131,"column":17},"end":{"line":131,"column":50}},{"start":{"line":131,"column":50},"end":{"line":131,"column":null}}],"line":131},"29":{"loc":{"start":{"line":133,"column":18},"end":{"line":133,"column":null}},"type":"binary-expr","locations":[{"start":{"line":133,"column":18},"end":{"line":133,"column":40}},{"start":{"line":133,"column":40},"end":{"line":133,"column":73}},{"start":{"line":133,"column":73},"end":{"line":133,"column":null}}],"line":133},"30":{"loc":{"start":{"line":136,"column":17},"end":{"line":136,"column":null}},"type":"binary-expr","locations":[{"start":{"line":136,"column":17},"end":{"line":136,"column":35}},{"start":{"line":136,"column":35},"end":{"line":136,"column":null}}],"line":136},"31":{"loc":{"start":{"line":138,"column":4},"end":{"line":141,"column":null}},"type":"if","locations":[{"start":{"line":138,"column":4},"end":{"line":141,"column":null}},{"start":{},"end":{}}],"line":138},"32":{"loc":{"start":{"line":140,"column":6},"end":{"line":140,"column":null}},"type":"if","locations":[{"start":{"line":140,"column":6},"end":{"line":140,"column":null}},{"start":{},"end":{}}],"line":140},"33":{"loc":{"start":{"line":147,"column":4},"end":{"line":150,"column":null}},"type":"if","locations":[{"start":{"line":147,"column":4},"end":{"line":150,"column":null}},{"start":{},"end":{}}],"line":147},"34":{"loc":{"start":{"line":149,"column":6},"end":{"line":149,"column":null}},"type":"if","locations":[{"start":{"line":149,"column":6},"end":{"line":149,"column":null}},{"start":{},"end":{}}],"line":149},"35":{"loc":{"start":{"line":150,"column":62},"end":{"line":150,"column":88}},"type":"cond-expr","locations":[{"start":{"line":150,"column":71},"end":{"line":150,"column":77}},{"start":{"line":150,"column":77},"end":{"line":150,"column":88}}],"line":150},"36":{"loc":{"start":{"line":152,"column":4},"end":{"line":152,"column":null}},"type":"if","locations":[{"start":{"line":152,"column":4},"end":{"line":152,"column":null}},{"start":{},"end":{}}],"line":152},"37":{"loc":{"start":{"line":153,"column":60},"end":{"line":153,"column":98}},"type":"cond-expr","locations":[{"start":{"line":153,"column":81},"end":{"line":153,"column":87}},{"start":{"line":153,"column":87},"end":{"line":153,"column":98}}],"line":153},"38":{"loc":{"start":{"line":158,"column":7},"end":{"line":170,"column":7}},"type":"binary-expr","locations":[{"start":{"line":158,"column":7},"end":{"line":158,"column":null}},{"start":{"line":159,"column":8},"end":{"line":170,"column":7}}],"line":158},"39":{"loc":{"start":{"line":161,"column":19},"end":{"line":161,"column":42}},"type":"binary-expr","locations":[{"start":{"line":161,"column":19},"end":{"line":161,"column":40}},{"start":{"line":161,"column":40},"end":{"line":161,"column":42}}],"line":161},"40":{"loc":{"start":{"line":190,"column":72},"end":{"line":190,"column":100}},"type":"binary-expr","locations":[{"start":{"line":190,"column":72},"end":{"line":190,"column":98}},{"start":{"line":190,"column":98},"end":{"line":190,"column":100}}],"line":190},"41":{"loc":{"start":{"line":192,"column":11},"end":{"line":195,"column":null}},"type":"binary-expr","locations":[{"start":{"line":192,"column":11},"end":{"line":192,"column":null}},{"start":{"line":193,"column":12},"end":{"line":195,"column":null}}],"line":192},"42":{"loc":{"start":{"line":197,"column":11},"end":{"line":200,"column":null}},"type":"binary-expr","locations":[{"start":{"line":197,"column":11},"end":{"line":197,"column":null}},{"start":{"line":198,"column":12},"end":{"line":200,"column":null}}],"line":197},"43":{"loc":{"start":{"line":202,"column":11},"end":{"line":205,"column":null}},"type":"binary-expr","locations":[{"start":{"line":202,"column":11},"end":{"line":202,"column":null}},{"start":{"line":203,"column":12},"end":{"line":205,"column":null}}],"line":202},"44":{"loc":{"start":{"line":208,"column":11},"end":{"line":214,"column":null}},"type":"binary-expr","locations":[{"start":{"line":208,"column":11},"end":{"line":208,"column":null}},{"start":{"line":209,"column":12},"end":{"line":214,"column":null}}],"line":208},"45":{"loc":{"start":{"line":219,"column":9},"end":{"line":222,"column":null}},"type":"binary-expr","locations":[{"start":{"line":219,"column":9},"end":{"line":219,"column":null}},{"start":{"line":220,"column":10},"end":{"line":222,"column":null}}],"line":219},"46":{"loc":{"start":{"line":221,"column":13},"end":{"line":222,"column":20}},"type":"binary-expr","locations":[{"start":{"line":221,"column":13},"end":{"line":221,"column":48}},{"start":{"line":221,"column":48},"end":{"line":222,"column":20}}],"line":221},"47":{"loc":{"start":{"line":222,"column":13},"end":{"line":222,"column":null}},"type":"binary-expr","locations":[{"start":{"line":222,"column":13},"end":{"line":222,"column":53}},{"start":{"line":222,"column":53},"end":{"line":222,"column":null}}],"line":222},"48":{"loc":{"start":{"line":236,"column":42},"end":{"line":238,"column":60}},"type":"cond-expr","locations":[{"start":{"line":236,"column":42},"end":{"line":237,"column":60}},{"start":{"line":238,"column":26},"end":{"line":238,"column":60}}],"line":236},"49":{"loc":{"start":{"line":240,"column":83},"end":{"line":240,"column":191}},"type":"cond-expr","locations":[{"start":{"line":240,"column":94},"end":{"line":240,"column":186}},{"start":{"line":240,"column":186},"end":{"line":240,"column":191}}],"line":240},"50":{"loc":{"start":{"line":252,"column":19},"end":{"line":267,"column":null}},"type":"binary-expr","locations":[{"start":{"line":252,"column":19},"end":{"line":252,"column":null}},{"start":{"line":253,"column":20},"end":{"line":267,"column":null}}],"line":252},"51":{"loc":{"start":{"line":258,"column":35},"end":{"line":258,"column":null}},"type":"binary-expr","locations":[{"start":{"line":258,"column":35},"end":{"line":258,"column":59}},{"start":{"line":258,"column":59},"end":{"line":258,"column":null}}],"line":258},"52":{"loc":{"start":{"line":274,"column":54},"end":{"line":274,"column":121}},"type":"cond-expr","locations":[{"start":{"line":274,"column":70},"end":{"line":274,"column":95}},{"start":{"line":274,"column":95},"end":{"line":274,"column":121}}],"line":274},"53":{"loc":{"start":{"line":285,"column":35},"end":{"line":285,"column":null}},"type":"binary-expr","locations":[{"start":{"line":285,"column":35},"end":{"line":285,"column":51}},{"start":{"line":285,"column":51},"end":{"line":285,"column":null}}],"line":285},"54":{"loc":{"start":{"line":286,"column":36},"end":{"line":288,"column":35}},"type":"cond-expr","locations":[{"start":{"line":287,"column":24},"end":{"line":288,"column":31}},{"start":{"line":288,"column":24},"end":{"line":288,"column":35}}],"line":286},"55":{"loc":{"start":{"line":291,"column":65},"end":{"line":291,"column":142}},"type":"cond-expr","locations":[{"start":{"line":291,"column":76},"end":{"line":291,"column":137}},{"start":{"line":291,"column":137},"end":{"line":291,"column":142}}],"line":291},"56":{"loc":{"start":{"line":292,"column":25},"end":{"line":304,"column":37}},"type":"cond-expr","locations":[{"start":{"line":293,"column":26},"end":{"line":301,"column":27}},{"start":{"line":301,"column":26},"end":{"line":304,"column":37}}],"line":292},"57":{"loc":{"start":{"line":296,"column":63},"end":{"line":296,"column":134}},"type":"cond-expr","locations":[{"start":{"line":296,"column":85},"end":{"line":296,"column":109}},{"start":{"line":296,"column":109},"end":{"line":296,"column":134}}],"line":296},"58":{"loc":{"start":{"line":304,"column":25},"end":{"line":311,"column":null}},"type":"binary-expr","locations":[{"start":{"line":304,"column":25},"end":{"line":304,"column":37}},{"start":{"line":304,"column":37},"end":{"line":304,"column":null}},{"start":{"line":305,"column":26},"end":{"line":311,"column":null}}],"line":304},"59":{"loc":{"start":{"line":308,"column":118},"end":{"line":308,"column":195}},"type":"cond-expr","locations":[{"start":{"line":308,"column":143},"end":{"line":308,"column":167}},{"start":{"line":308,"column":167},"end":{"line":308,"column":195}}],"line":308},"60":{"loc":{"start":{"line":325,"column":25},"end":{"line":325,"column":null}},"type":"cond-expr","locations":[{"start":{"line":325,"column":54},"end":{"line":325,"column":60}},{"start":{"line":325,"column":60},"end":{"line":325,"column":null}}],"line":325},"61":{"loc":{"start":{"line":327,"column":23},"end":{"line":334,"column":null}},"type":"binary-expr","locations":[{"start":{"line":327,"column":23},"end":{"line":327,"column":null}},{"start":{"line":328,"column":24},"end":{"line":334,"column":null}}],"line":327},"62":{"loc":{"start":{"line":336,"column":23},"end":{"line":343,"column":null}},"type":"binary-expr","locations":[{"start":{"line":336,"column":23},"end":{"line":336,"column":null}},{"start":{"line":337,"column":24},"end":{"line":343,"column":null}}],"line":336}},"s":{"0":16,"1":16,"2":16,"3":16,"4":16,"5":16,"6":16,"7":16,"8":16,"9":16,"10":16,"11":16,"12":16,"13":16,"14":13,"15":12,"16":1,"17":13,"18":13,"19":16,"20":13,"21":13,"22":13,"23":0,"24":0,"25":0,"26":0,"27":0,"28":0,"29":16,"30":0,"31":0,"32":0,"33":0,"34":0,"35":0,"36":0,"37":0,"38":16,"39":0,"40":0,"41":0,"42":0,"43":0,"44":0,"45":16,"46":0,"47":0,"48":0,"49":0,"50":16,"51":13,"52":1,"53":12,"54":36,"55":
[...]
cl":{"start":{"line":14,"column":7},"end":{"line":14,"column":19}},"loc":{"start":{"line":14,"column":19},"end":{"line":14,"column":22}},"line":14},"4":{"name":"(anonymous_4)","decl":{"start":{"line":17,"column":23},"end":{"line":17,"column":30}},"loc":{"start":{"line":17,"column":36},"end":{"line":27,"column":null}},"line":17},"5":{"name":"(anonymous_5)","decl":{"start":{"line":82,"column":14},"end":{"line":82,"column":24}},"loc":{"start":{"line":82,"column":29},"end":{"line":82,"column":56}},"line":82},"6":{"name":"(anonymous_6)","decl":{"start":{"line":97,"column":14},"end":{"line":97,"column":24}},"loc":{"start":{"line":97,"column":29},"end":{"line":97,"column":56}},"line":97}},"branchMap":{"0":{"loc":{"start":{"line":25,"column":15},"end":{"line":25,"column":66}},"type":"binary-expr","locations":[{"start":{"line":25,"column":15},"end":{"line":25,"column":44}},{"start":{"line":25,"column":44},"end":{"line":25,"column":66}}],"line":25},"1":{"loc":{"start":{"line":50,"column":9},"end":{"line":68,"column":null}},"type":"binary-expr","locations":[{"start":{"line":50,"column":9},"end":{"line":50,"column":null}},{"start":{"line":51,"column":10},"end":{"line":68,"column":null}}],"line":50},"2":{"loc":{"start":{"line":103,"column":11},"end":{"line":110,"column":null}},"type":"binary-expr","locations":[{"start":{"line":103,"column":11},"end":{"line":103,"column":null}},{"start":{"line":104,"column":12},"end":{"line":110,"column":null}}],"line":103},"3":{"loc":{"start":{"line":122,"column":13},"end":{"line":122,"column":null}},"type":"cond-expr","locations":[{"start":{"line":122,"column":23},"end":{"line":122,"column":39}},{"start":{"line":122,"column":39},"end":{"line":122,"column":null}}],"line":122}},"s":{"0":29,"1":29,"2":29,"3":29,"4":29,"5":29,"6":10,"7":10,"8":29,"9":4,"10":4,"11":4,"12":4,"13":4,"14":2,"15":2,"16":4,"17":29,"18":4,"19":4},"f":{"0":29,"1":10,"2":10,"3":0,"4":4,"5":4,"6":4},"b":{"0":[2,1],"1":[29,1],"2":[29,2],"3":[5,23]},"meta":{"lastBranch":4,"lastFunction":7,"lastStatement":20,"seen":{"f:4:24:4:34":0,"s:5:19:5:46":0,"s:6:19:6:46":1,"s:7:16:7:40":2,"s:8:18:8:47":3,"s:9:24:9:59":4,"s:11:2:15:Infinity":5,"f:11:2:11:18":1,"s:12:4:14:Infinity":6,"f:13:7:13:12":2,"s:13:19:13:54":7,"f:14:7:14:19":3,"s:17:23:27:Infinity":8,"f:17:23:17:30":4,"s:18:4:18:Infinity":9,"s:19:4:19:Infinity":10,"s:20:4:20:Infinity":11,"s:21:4:27:Infinity":12,"s:22:6:22:Infinity":13,"s:23:6:23:Infinity":14,"s:25:6:25:Infinity":15,"b:25:15:25:44:25:44:25:66":0,"s:27:6:27:Infinity":16,"s:31:2:126:Infinity":17,"b:50:9:50:Infinity:51:10:68:Infinity":1,"f:82:14:82:24":5,"s:82:29:82:56":18,"f:97:14:97:24":6,"s:97:29:97:56":19,"b:103:11:103:Infinity:104:12:110:Infinity":2,"b:122:23:122:39:122:39:122:Infinity":3}}}
,"/Users/vivek/personal/code/sql-storm/frontend/src/pages/MainPage.jsx": {"path":"/Users/vivek/personal/code/sql-storm/frontend/src/pages/MainPage.jsx","statementMap":{"0":{"start":{"line":9,"column":18},"end":{"line":9,"column":null}},"1":{"start":{"line":10,"column":18},"end":{"line":10,"column":46}},"2":{"start":{"line":11,"column":21},"end":{"line":11,"column":50}},"3":{"start":{"line":12,"column":16},"end":{"line":12,"column":42}},"4":{"start":{"line":13,"column":21},"end":{"line":13,"column":49}},"5":{"start":{"line":14,"column":19},"end":{"line":14,"column":47}},"6":{"start":{"line":15,"column":22},"end":{"line":15,"column":53}},"7":{"start":{"line":16,"column":24},"end":{"line":16,"column":59}},"8":{"start":{"line":18,"column":28},"end":{"line":27,"column":null}},"9":{"start":{"line":19,"column":4},"end":{"line":19,"column":null}},"10":{"start":{"line":20,"column":4},"end":{"line":20,"column":null}},"11":{"start":{"line":21,"column":4},"end":{"line":27,"column":null}},"12":{"start":{"line":22,"column":20},"end":{"line":22,"column":54}},"13":{"start":{"line":23,"column":20},"end":{"line":23,"column":null}},"14":{"start":{"line":24,"column":21},"end":{"line":24,"column":95}},"15":{"start":{"line":25,"column":6},"end":{"line":25,"column":null}},"16":{"start":{"line":27,"column":6},"end":{"line":27,"column":null}},"17":{"start":{"line":31,"column":25},"end":{"line":38,"column":null}},"18":{"start":{"line":32,"column":4},"end":{"line":32,"column":null}},"19":{"start":{"line":32,"column":18},"end":{"line":32,"column":null}},"20":{"start":{"line":33,"column":4},"end":{"line":33,"column":null}},"21":{"start":{"line":34,"column":4},"end":{"line":38,"column":null}},"22":{"start":{"line":35,"column":21},"end":{"line":35,"column":99}},"23":{"start":{"line":36,"column":6},"end":{"line":36,"column":null}},"24":{"start":{"line":38,"column":6},"end":{"line":38,"column":null}},"25":{"start":{"line":42,"column":8},"end":{"line":43,"column":null}},"26":{"start":{"line":43,"column":4},"end":{"line":43,"column":null}},"27":{"start":{"line":46,"column":8},"end":{"line":56,"column":null}},"28":{"start":{"line":47,"column":10},"end":{"line":47,"column":53}},"29":{"start":{"line":47,"column":24},"end":{"line":47,"column":53}},"30":{"start":{"line":48,"column":12},"end":{"line":48,"column":null}},"31":{"start":{"line":49,"column":23},"end":{"line":49,"column":75}},"32":{"start":{"line":49,"column":65},"end":{"line":49,"column":74}},"33":{"start":{"line":50,"column":4},"end":{"line":51,"column":null}},"34":{"start":{"line":51,"column":6},"end":{"line":51,"column":null}},"35":{"start":{"line":51,"column":54},"end":{"line":51,"column":91}},"36":{"start":{"line":52,"column":4},"end":{"line":53,"column":null}},"37":{"start":{"line":53,"column":6},"end":{"line":53,"column":null}},"38":{"start":{"line":54,"column":18},"end":{"line":54,"column":52}},"39":{"start":{"line":55,"column":4},"end":{"line":55,"column":null}},"40":{"start":{"line":56,"column":4},"end":{"line":56,"column":null}},"41":{"start":{"line":59,"column":8},"end":{"line":63,"column":null}},"42":{"start":{"line":60,"column":18},"end":{"line":60,"column":50}},"43":{"start":{"line":61,"column":4},"end":{"line":63,"column":null}},"44":{"start":{"line":62,"column":22},"end":{"line":62,"column":91}},"45":{"start":{"line":62,"column":44},"end":{"line":62,"column":90}},"46":{"start":{"line":62,"column":64},"end":{"line":62,"column":90}},"47":{"start":{"line":63,"column":20},"end":{"line":63,"column":63}},"48":{"start":{"line":66,"column":23},"end":{"line":68,"column":null}},"49":{"start":{"line":67,"column":4},"end":{"line":67,"column":null}},"50":{"start":{"line":67,"column":10},"end":{"line":67,"column":33}},"51":{"start":{"line":68,"column":4},"end":{"line":68,"column":null}},"52":{"start":{"line":71,"column":27},"end":{"line":76,"column":null}},"53":{"start":{"line":78,"column":27},"end":{"line":78,"column":null}},"54":{"start":{"line":80,"column":25},"end":{"line":84,"column":null}},"55":{"start":{"line":86,"column":2},"end":{"line":176,"column":null}},"56":{"start":{"line":109,"column":27},"end":{"line":109,"column":84}},"57":{"start":{"line":115,"column":27},"end":{"line":115,"column":82}},"58":{"start":{"line":125,"column":27},"end":{"line":125,"column":85}},"59":{"start":{"line":132,"column":27},"end":{"line":132,"column":52}},"60":{"start":{"line":132,"column":49},"end":{"line":132,"column":52}},"61":{"start":{"line":137,"column":45},"end":{"line":137,"column":74}},"62":{"start":{"line":138,"column":45},"end":{"line":138,"column":76}},"63":{"start":{"line":167,"column":14},"end":{"line":175,"column":null}},"64":{"start":{"line":172,"column":46},"end":{"line":172,"column":100}}},"fnMap":{"0":{"name":"MainPage","decl":{"start":{"line":8,"column":24},"end":{"line":8,"column":33}},"loc":{"start":{"line":8,"column":65},"end":{"line":176,"column":null}},"line":8},"1":{"name":"(anonymous_1)","decl":{"start":{"line":18,"column":28},"end":{"line":18,"column":35}},"loc":{"start":{"line":18,"column":43},"end":{"line":27,"column":null}},"line":18},"2":{"name":"(anonymous_2)","decl":{"start":{"line":31,"column":25},"end":{"line":31,"column":32}},"loc":{"start":{"line":31,"column":42},"end":{"line":38,"column":null}},"line":31},"3":{"name":"(anonymous_3)","decl":{"start":{"line":42,"column":8},"end":{"line":42,"column":28}},"loc":{"start":{"line":42,"column":43},"end":{"line":43,"column":null}},"line":42},"4":{"name":"(anonymous_4)","decl":{"start":{"line":46,"column":8},"end":{"line":46,"column":22}},"loc":{"start":{"line":46,"column":47},"end":{"line":56,"column":null}},"line":46},"5":{"name":"(anonymous_5)","decl":{"start":{"line":47,"column":10},"end":{"line":47,"column":19}},"loc":{"start":{"line":47,"column":24},"end":{"line":47,"column":53}},"line":47},"6":{"name":"(anonymous_6)","decl":{"start":{"line":49,"column":47},"end":{"line":49,"column":55}},"loc":{"start":{"line":49,"column":65},"end":{"line":49,"column":74}},"line":49},"7":{"name":"(anonymous_7)","decl":{"start":{"line":51,"column":34},"end":{"line":51,"column":39}},"loc":{"start":{"line":51,"column":54},"end":{"line":51,"column":91}},"line":51},"8":{"name":"(anonymous_8)","decl":{"start":{"line":59,"column":8},"end":{"line":59,"column":25}},"loc":{"start":{"line":59,"column":67},"end":{"line":63,"column":null}},"line":59},"9":{"name":"(anonymous_9)","decl":{"start":{"line":62,"column":7},"end":{"line":62,"column":12}},"loc":{"start":{"line":62,"column":22},"end":{"line":62,"column":91}},"line":62},"10":{"name":"(anonymous_10)","decl":{"start":{"line":62,"column":22},"end":{"line":62,"column":36}},"loc":{"start":{"line":62,"column":44},"end":{"line":62,"column":90}},"line":62},"11":{"name":"(anonymous_11)","decl":{"start":{"line":62,"column":49},"end":{"line":62,"column":54}},"loc":{"start":{"line":62,"column":64},"end":{"line":62,"column":90}},"line":62},"12":{"name":"(anonymous_12)","decl":{"start":{"line":63,"column":7},"end":{"line":63,"column":13}},"loc":{"start":{"line":63,"column":20},"end":{"line":63,"column":63}},"line":63},"13":{"name":"(anonymous_13)","decl":{"start":{"line":66,"column":23},"end":{"line":66,"column":35}},"loc":{"start":{"line":66,"column":35},"end":{"line":68,"column":null}},"line":66},"14":{"name":"(anonymous_14)","decl":{"start":{"line":109,"column":12},"end":{"line":109,"column":22}},"loc":{"start":{"line":109,"column":27},"end":{"line":109,"column":84}},"line":109},"15":{"name":"(anonymous_15)","decl":{"start":{"line":115,"column":12},"end":{"line":115,"column":22}},"loc":{"start":{"line":115,"column":27},"end":{"line":115,"column":82}},"line":115},"16":{"name":"(anonymous_16)","decl":{"start":{"line":125,"column":12},"end":{"line":125,"column":22}},"loc":{"start":{"line":125,"column":27},"end":{"line":125,"column":85}},"line":125},"17":{"name":"(anonymous_17)","decl":{"start":{"line":132,"column":12},"end":{"line":132,"column":27}},"loc":{"start":{"line":132,"column":27},"end":{"line":132,"column":52}},"line":132},"18":{"name":"(anonymous_18)","decl":{"start":{"line":132,"column":27},"end":{"line":132,"column":44}},"loc":{"start":{"line":132,"column":49},"end":{"line":132,"column":52}},"line":132},"19":{"name":"(anonymous_19)","decl":{"start":{"line":137,"column":30},"end":{"line":137,"column":45}},"loc":{"start":{"line":137,"column":45},"end":{"line":137,"column":74}},"line":137},"20":{"name":"(anonymous_20)","decl":{"start":{"line":138,"column":30},"end":{"line":138,"column":45}},"loc":{"start":{"line":138,"column":45},"end":{"line":138,"column":76}},"line":138},"21":{"name":"(anonymous_21)","decl":{"start":{"line":166,"column":24},"end":{"line":166,"column":29}},"loc":{"start":{"line":167,"column":14},"end":{"line":175,"column":null}},"line":167},"22":{"name":"(anonymous_22)","decl":{"start":{"line":172,"column":16},"end":{"line":172,"column":28}},"loc":{"start":{"line":172,"column":46},"end":{"line":172,"column":100}},"line":172}},"branchMap":{"0":{"loc":{"start":{"line":27,"column":15},"end":{"line":27,"column":49}},"type":"binary-expr","locations":[{"start":{"line":27,"column":15},"end":{"line":27,"column":37}},{"start":{"line":27,"column":37},"end":{"line":27,"column":49}}],"line":27},"1":{"loc":{"start":{"line":32,"column":4},"end":{"line":32,"column":null}},"type":"if","locations":[{"start":{"line":32,"column":4},"end":{"line":32,"column":null}},{"start":{},"end":{}}],"line":32},"2":{"loc":{"start":{"line":38,"column":15},"end":{"line":38,"column":49}},"type":"binary-expr","locations":[{"start":{"line":38,"column":15},"end":{"line":38,"column":37}},{"start":{"line":38,"column":37},"end":{"line":38,"column":49}}],"line":38},"3":{"loc":{"start":{"line":50,"column":4},"end":{"line":51,"column":null}},"type":"if","locations":[{"start":{"line":50,"column":4},"end":{"line":51,"column":null}},{"start":{},"end":{}}],"line":50},"4":{"loc":{"start":{"line":52,"column":4},"end":{"line":53,"column":null}},"type":"if","locations":[{"start":{"line":52,"column":4},"end":{"line":53,"column":null}},{"start":{},"end":{}}],"line":52},"5":{"loc":{"start":{"line":62,"column":64},"end":{"line":62,"column":90}},"type":"cond-expr","locations":[{"start":{"line":62,"column":78},"end":{"line":62,"column":87}},{"start":{"line":62,"column":87},"end":{"line":62,"column":90}}],"line":62},"6":{"loc":{"start":{"line":63,"column":29},"end":{"line":63,"column":63}},"type":"binary-expr","locations":[{"start":{"line":63,"column":29},"end":{"line":63,"column":51}},{"start":{"line":63,"column":51},"end":{"line":63,"column":63}}],"line":63},"7":{"loc":{"start":{"line":94,"column":9},"end":{"line":100,"column":null}},"type":"binary-expr","locations":[{"start":{"line":94,"column":9},"end":{"line":94,"column":null}},{"start":{"line":95,"column":10},"end":{"line":100,"column":null}}],"line":94},"8":{"loc":{"start":{"line":109,"column":53},"end":{"line":109,"column":83}},"type":"binary-expr","locations":[{"start":{"line":109,"column":53},"end":{"line":109,"column":77}},{"start":{"line":109,"column":81},"end":{"line":109,"column":83}}],"line":109},"9":{"loc":{"start":{"line":115,"column":51},"end":{"line":115,"column":81}},"type":"binary-expr","locations":[{"start":{"line":115,"column":51},"end":{"line":115,"column":75}},{"start":{"line":115,"column":79},"end":{"line":115,"column":81}}],"line":115},"10":{"loc":{"start":{"line":125,"column":54},"end":{"line":125,"column":84}},"type":"binary-expr","locations":[{"start":{"line":125,"column":54},"end":{"line":125,"column":78}},{"start":{"line":125,"column":82},"end":{"line":125,"column":84}}],"line":125},"11":{"loc":{"start":{"line":133,"column":47},"end":{"line":133,"column":86}},"type":"cond-expr","locations":[{"start":{"line":133,"column":63},"end":{"line":133,"column":75}},{"start":{"line":133,"column":75},"end":{"line":133,"column":86}}],"line":133},"12":{"loc":{"start":{"line":133,"column":99},"end":{"line":133,"column":138}},"type":"cond-expr","locations":[{"start":{"line":133,"column":115},"end":{"line":133,"column":127}},{"start":{"line":133,"column":127},"end":{"line":133,"column":138}}],"line":133},"13":{"loc":{"start":{"line":137,"column":11},"end":{"line":137,"column":null}},"type":"binary-expr","locations":[{"start":{"line":137,"column":11},"end":{"line":137,"column":22}},{"start":{"line":137,"column":22},"end":{"line":137,"column":null}}],"line":137},"14":{"loc":{"start":{"line":138,"column":11},"end":{"line":138,"column":null}},"type":"binary-expr","locations":[{"start":{"line":138,"column":11},"end":{"line":138,"column":22}},{"start":{"line":138,"column":22},"end":{"line":138,"column":null}}],"line":138},"15":{"loc":{"start":{"line":143,"column":7},"end":{"line":143,"column":null}},"type":"binary-expr","locations":[{"start":{"line":143,"column":7},"end":{"line":143,"column":24}},{"start":{"line":143,"column":24},"end":{"line":143,"column":null}}],"line":143},"16":{"loc":{"start":{"line":151,"column":11},"end":{"line":157,"column":null}},"type":"binary-expr","locations":[{"start":{"line":151,"column":11},"end":{"line":151,"column":null}},{"start":{"line":152,"column":12},"end":{"line":157,"column":null}}],"line":151},"17":{"loc":{"start":{"line":156,"column":15},"end":{"line":156,"column":null}},"type":"cond-expr","locations":[{"start":{"line":156,"column":43},"end":{"line":156,"column":64}},{"start":{"line":156,"column":67},"end":{"line":156,"column":null}}],"line":156},"18":{"loc":{"start":{"line":161,"column":13},"end":{"line":166,"column":24}},"type":"binary-expr","locations":[{"start":{"line":161,"column":13},"end":{"line":161,"column":40}},{"start":{"line":161,"column":40},"end":{"line":161,"column":null}},{"start":{"line":162,"column":14},"end":{"line":166,"column":24}}],"line":161}},"s":{"0":2,"1":2,"2":2,"3":2,"4":2,"5":2,"6":2,"7":2,"8":2,"9":0,"10":0,"11":0,"12":0,"13":0,"14":0,"15":0,"16":0,"17":2,"18":0,"19":0,"20":0,"21":0,"22":0,"23":0,"24":0,"25":2,"26":0,"27":2,"28":0,"29":0,"30":0,"31":0,"32":0,"33":0,"34":0,"35":0,"36":0,"37":0,"38":0,"39":0,"40":0,"41":2,"42":0,"43":0,"44":0,"45":0,"46":0,"47":0,"48":2,"49":0,"50":0,"51":0,"52":2,"53":2,"54":2,"55":2,"56":0,"57":0,"58":0,"59":0,"60":0,"61":0,"62":0,"63":0,"64":0},"f":{"0":2,"1":0,"2":0,"3":0,"4":0,"5":0,"6":0,"7":0,"8":0,"9":0,"10":0,"11":0,"12":0,"13":0,"14":0,"15":0,"16":0,"17":0,"18":0,"19":0,"20":0,"21":0,"22":0},"b":{"0":[0,0],"1":[0,0],"2":[0,0],"3":[0,0],"4":[0,0],"5":[0,0],"6":[0,0],"7":[2,0],"8":[0,0],"9":[0,0],"10":[0,0],"11":[0,2],"12":[0,2],"13":[2,0],"14":[2,0],"15":[2,0],"16":[2,0],"17":[0,0],"18":[2,2,2]},"meta":{"lastBranch":19,"lastFunction":23,"lastStatement":65,"seen":{"f:8:24:8:33":0,"s:9:18:9:Infinity":0,"s:10:18:10:46":1,"s:11:21:11:50":2,"s:12:16:12:42":3,"s:13:21:13:49":4,"s:14:19:14:47":5,"s:15:22:15:53":6,"s:16:24:16:59":7,"s:18:28:27:Infinity":8,"f:18:28:18:35":1,"s:19:4:19:Infinity":9,"s:20:4:20:Infinity":10,"s:21:4:27:Infinity":11,"s:22:20:22:54":12,"s:23:20:23:Infinity":13,"s:24:21:24:95":14,"s:25:6:25:Infinity":15,"s:27:6:27:Infinity":16,"b:27:15:27:37:27:37:27:49":0,"s:31:25:38:Infinity":17,"f:31:25:31:32":2,"b:32:4:32:Infinity:undefined:undefined:undefined:undefined":1,"s:32:4:32:Infinity":18,"s:32:18:32:Infinity":19,"s:33:4:33:Infinity":20,"s:34:4:38:Infinity":21,"s:35:21:35:99":22,"s:36:6:36:Infinity":23,"s:38:6:38:Infinity":24,"b:38:15:38:37:38:37:38:49":2,"s:42:8:43:Infinity":25,"f:42:8:42:28":3,"s:43:4:43:Infinity":26,"s:46:8:56:Infinity":27,"f:46:8:46:22":4,"s:47:10:47:53":28,"f:47:10:47:19":5,"s:47:24:47:53":29,"s:48:12:48:Infinity":30,"s:49:23:49:75":31,"f:49:47:49:55":6,"s:49:65:49:74":32,"b:50:4:51:Infinity:undefined:undefined:undefined:undefined":3,"s:50:4:51:Infinity":33,"s:51:6:51:Infinity":34,"f:51:34:51:39":7,"s:51:54:51:91":35,"b:52:4:53:Infinity:undefined:undefined:undefined:undefined":4,"s:52:4:53:Infinity":36,"s:53:6:53:Infinity":37,"s:54:18:54:52":38,"s:55:4:55:Infinity":39,"s:56:4:56:Infinity":40,"s:59:8:63:Infinity":41,"f:59:8:59:25":8,"s:60:18:60:50":42,"s:61:4:63:Infinity":43,"f:62:7:62:12":9,"s:62:22:62:91":44,"f:62:22:62:36":10,"s:62:44:62:90":45,"f:62:49:62:54":11,"s:62:64:62:90":46,"b:62:78:62:87:62:87:62:90":5,"f:63:7:63:13":12,"s:63:20:63:63":47,"b:63:29:63:51:63:51:63:63":6,"s:66:23:68:Infinity":48,"f:66:23:66:35":13,"s:67:4:67:Infinity":49,"s:67:10:67:33":50,"s:68:4:68:Infinity":51,"s:71:27:76:Infinity":52,"s:78:27:78:Infinity":53,"s:80:25:84:Infinity":54,"s:86:2:176:Infinity":55,"b:94:9:94:Infinity:95:10:100:Infinity":7,"f:109:12:109:22":14,"s:109:27:109:84":56,"b:109:53:109:77:109:81:109:83":8,"f:115:12:115:22":15,"s:115:27:115:82":57,"b:115:51:115:75:115:79:115:81":9,"f:125:12:125:22":16,"s:125:27:125:85":58,"b:125:54:125:78:125:82:125:84":10,"f:132:12:132:27":17,"s:132:27:132:52":59,"f:132:27:132:44":18,"s:132:49:132:52":60,"b:133:63:133:75:133:75:133:86":11,"b:133:115:133:127:133:127:133:138":12,"b:137:11:137:22:137:22:137:Infinity":13,"f:137:30:137:45":19,"s:137:45:137:74":61,"b:138:11:138:22:138:22:138:Infinity":14,"f:138:30:138:45":20,"s:138:45:138:76":62,"b:143:7:143:24:143:24:143:Infinity":15,"b:151:11:151:Infinity:152:12:157:Infinity":16,"b:156:43:156:64:156:67:156:Infinity":17,"b:161:13:161:40:161:40:161:Infinity:162:14:166:24":18,"f:166:24:166:29":21,"s:167:14:175:Infinity":63,"f:172:16:172:28":22,"s:172:46:172:100":64}}}
}
